Analysis & Synthesis report for main
Tue Oct 28 00:50:02 2025
Quartus Prime Version 24.1std.0 Build 1077 03/04/2025 SC Lite Edition


---------------------
; Table of Contents ;
---------------------
  1. Legal Notice
  2. Analysis & Synthesis Summary
  3. Analysis & Synthesis Settings
  4. Parallel Compilation
  5. Analysis & Synthesis Source Files Read
  6. Analysis & Synthesis Resource Usage Summary
  7. Analysis & Synthesis Resource Utilization by Entity
  8. State Machine - |main|FSM_Word_Detector:fsm0|prev_state
  9. State Machine - |main|FSM_Word_Detector:fsm0|state
 10. Registers Removed During Synthesis
 11. Removed Registers Triggering Further Register Optimizations
 12. General Register Statistics
 13. Inverted Register Statistics
 14. Multiplexer Restructuring Statistics (Restructuring Performed)
 15. Parameter Settings for User Entity Instance: async_receiver:RX
 16. Parameter Settings for User Entity Instance: async_receiver:RX|BaudTickGen:tickgen
 17. Parameter Settings for User Entity Instance: async_transmitter:TX
 18. Parameter Settings for User Entity Instance: async_transmitter:TX|BaudTickGen:tickgen
 19. Parameter Settings for User Entity Instance: counter_3s:count0
 20. Port Connectivity Checks: "async_transmitter:TX"
 21. Port Connectivity Checks: "async_receiver:RX|BaudTickGen:tickgen"
 22. Port Connectivity Checks: "async_receiver:RX"
 23. Post-Synthesis Netlist Statistics for Top Partition
 24. Elapsed Time Per Partition
 25. Analysis & Synthesis Messages



----------------
; Legal Notice ;
----------------
Copyright (C) 2025  Altera Corporation. All rights reserved.
Your use of Altera Corporation's design tools, logic functions 
and other software and tools, and any partner logic 
functions, and any output files from any of the foregoing 
(including device programming or simulation files), and any 
associated documentation or information are expressly subject 
to the terms and conditions of the Altera Program License 
Subscription Agreement, the Altera Quartus Prime License Agreement,
the Altera IP License Agreement, or other applicable license
agreement, including, without limitation, that your use is for
the sole purpose of programming logic devices manufactured by
Altera and sold by Altera or its authorized distributors.  Please
refer to the Altera Software License Subscription Agreements 
on the Quartus Prime software download page.



+--------------------------------------------------------------------------------------+
; Analysis & Synthesis Summary                                                         ;
+------------------------------------+-------------------------------------------------+
; Analysis & Synthesis Status        ; Successful - Tue Oct 28 00:50:02 2025           ;
; Quartus Prime Version              ; 24.1std.0 Build 1077 03/04/2025 SC Lite Edition ;
; Revision Name                      ; main                                            ;
; Top-level Entity Name              ; main                                            ;
; Family                             ; MAX 10                                          ;
; Total logic elements               ; 203                                             ;
;     Total combinational functions  ; 186                                             ;
;     Dedicated logic registers      ; 108                                             ;
; Total registers                    ; 108                                             ;
; Total pins                         ; 105                                             ;
; Total virtual pins                 ; 0                                               ;
; Total memory bits                  ; 0                                               ;
; Embedded Multiplier 9-bit elements ; 0                                               ;
; Total PLLs                         ; 0                                               ;
; UFM blocks                         ; 0                                               ;
; ADC blocks                         ; 0                                               ;
+------------------------------------+-------------------------------------------------+


+------------------------------------------------------------------------------------------------------------+
; Analysis & Synthesis Settings                                                                              ;
+------------------------------------------------------------------+--------------------+--------------------+
; Option                                                           ; Setting            ; Default Value      ;
+------------------------------------------------------------------+--------------------+--------------------+
; Device                                                           ; 10M50DAF484C7G     ;                    ;
; Top-level entity name                                            ; main               ; main               ;
; Family name                                                      ; MAX 10             ; Cyclone V          ;
; Use smart compilation                                            ; Off                ; Off                ;
; Enable parallel Assembler and Timing Analyzer during compilation ; On                 ; On                 ;
; Enable compact report table                                      ; Off                ; Off                ;
; Restructure Multiplexers                                         ; Auto               ; Auto               ;
; Create Debugging Nodes for IP Cores                              ; Off                ; Off                ;
; Preserve fewer node names                                        ; On                 ; On                 ;
; Intel FPGA IP Evaluation Mode                                    ; Enable             ; Enable             ;
; Verilog Version                                                  ; Verilog_2001       ; Verilog_2001       ;
; VHDL Version                                                     ; VHDL_1993          ; VHDL_1993          ;
; State Machine Processing                                         ; Auto               ; Auto               ;
; Safe State Machine                                               ; Off                ; Off                ;
; Extract Verilog State Machines                                   ; On                 ; On                 ;
; Extract VHDL State Machines                                      ; On                 ; On                 ;
; Ignore Verilog initial constructs                                ; Off                ; Off                ;
; Iteration limit for constant Verilog loops                       ; 5000               ; 5000               ;
; Iteration limit for non-constant Verilog loops                   ; 250                ; 250                ;
; Add Pass-Through Logic to Inferred RAMs                          ; On                 ; On                 ;
; Infer RAMs from Raw Logic                                        ; On                 ; On                 ;
; Parallel Synthesis                                               ; On                 ; On                 ;
; DSP Block Balancing                                              ; Auto               ; Auto               ;
; NOT Gate Push-Back                                               ; On                 ; On                 ;
; Power-Up Don't Care                                              ; On                 ; On                 ;
; Remove Redundant Logic Cells                                     ; Off                ; Off                ;
; Remove Duplicate Registers                                       ; On                 ; On                 ;
; Ignore CARRY Buffers                                             ; Off                ; Off                ;
; Ignore CASCADE Buffers                                           ; Off                ; Off                ;
; Ignore GLOBAL Buffers                                            ; Off                ; Off                ;
; Ignore ROW GLOBAL Buffers                                        ; Off                ; Off                ;
; Ignore LCELL Buffers                                             ; Off                ; Off                ;
; Ignore SOFT Buffers                                              ; On                 ; On                 ;
; Limit AHDL Integers to 32 Bits                                   ; Off                ; Off                ;
; Optimization Technique                                           ; Balanced           ; Balanced           ;
; Carry Chain Length                                               ; 70                 ; 70                 ;
; Auto Carry Chains                                                ; On                 ; On                 ;
; Auto Open-Drain Pins                                             ; On                 ; On                 ;
; Perform WYSIWYG Primitive Resynthesis                            ; Off                ; Off                ;
; Auto ROM Replacement                                             ; On                 ; On                 ;
; Auto RAM Replacement                                             ; On                 ; On                 ;
; Auto DSP Block Replacement                                       ; On                 ; On                 ;
; Auto Shift Register Replacement                                  ; Auto               ; Auto               ;
; Allow Shift Register Merging across Hierarchies                  ; Auto               ; Auto               ;
; Auto Clock Enable Replacement                                    ; On                 ; On                 ;
; Strict RAM Replacement                                           ; Off                ; Off                ;
; Allow Synchronous Control Signals                                ; On                 ; On                 ;
; Force Use of Synchronous Clear Signals                           ; Off                ; Off                ;
; Auto RAM Block Balancing                                         ; On                 ; On                 ;
; Auto RAM to Logic Cell Conversion                                ; Off                ; Off                ;
; Auto Resource Sharing                                            ; Off                ; Off                ;
; Allow Any RAM Size For Recognition                               ; Off                ; Off                ;
; Allow Any ROM Size For Recognition                               ; Off                ; Off                ;
; Allow Any Shift Register Size For Recognition                    ; Off                ; Off                ;
; Use LogicLock Constraints during Resource Balancing              ; On                 ; On                 ;
; Ignore translate_off and synthesis_off directives                ; Off                ; Off                ;
; Timing-Driven Synthesis                                          ; On                 ; On                 ;
; Report Parameter Settings                                        ; On                 ; On                 ;
; Report Source Assignments                                        ; On                 ; On                 ;
; Report Connectivity Checks                                       ; On                 ; On                 ;
; Ignore Maximum Fan-Out Assignments                               ; Off                ; Off                ;
; Synchronization Register Chain Length                            ; 2                  ; 2                  ;
; Power Optimization During Synthesis                              ; Normal compilation ; Normal compilation ;
; HDL message level                                                ; Level2             ; Level2             ;
; Suppress Register Optimization Related Messages                  ; Off                ; Off                ;
; Number of Removed Registers Reported in Synthesis Report         ; 5000               ; 5000               ;
; Number of Swept Nodes Reported in Synthesis Report               ; 5000               ; 5000               ;
; Number of Inverted Registers Reported in Synthesis Report        ; 100                ; 100                ;
; Clock MUX Protection                                             ; On                 ; On                 ;
; Auto Gated Clock Conversion                                      ; Off                ; Off                ;
; Block Design Naming                                              ; Auto               ; Auto               ;
; SDC constraint protection                                        ; Off                ; Off                ;
; Synthesis Effort                                                 ; Auto               ; Auto               ;
; Shift Register Replacement - Allow Asynchronous Clear Signal     ; On                 ; On                 ;
; Pre-Mapping Resynthesis Optimization                             ; Off                ; Off                ;
; Analysis & Synthesis Message Level                               ; Medium             ; Medium             ;
; Disable Register Merging Across Hierarchies                      ; Auto               ; Auto               ;
; Resource Aware Inference For Block RAM                           ; On                 ; On                 ;
+------------------------------------------------------------------+--------------------+--------------------+


+------------------------------------------+
; Parallel Compilation                     ;
+----------------------------+-------------+
; Processors                 ; Number      ;
+----------------------------+-------------+
; Number detected on machine ; 16          ;
; Maximum allowed            ; 12          ;
;                            ;             ;
; Average used               ; 1.00        ;
; Maximum used               ; 12          ;
;                            ;             ;
; Usage by Processor         ; % Time Used ;
;     Processor 1            ; 100.0%      ;
;     Processors 2-12        ;   0.0%      ;
+----------------------------+-------------+


+---------------------------------------------------------------------------------------------------------------------------------------------------------------------------------------------------------------------+
; Analysis & Synthesis Source Files Read                                                                                                                                                                              ;
+----------------------------------+-----------------+------------------------+-----------------------------------------------------------------------------------------------------------------------------+---------+
; File Name with User-Entered Path ; Used in Netlist ; File Type              ; File Name with Absolute Path                                                                                                ; Library ;
+----------------------------------+-----------------+------------------------+-----------------------------------------------------------------------------------------------------------------------------+---------+
; main.v                           ; yes             ; User Verilog HDL File  ; C:/Users/Jackson.Hall/Desktop/ENCE_3100_Jackson_Hall/QuartusLite/DE10_Board/Projects/UART_Word_Detector/main.v              ;         ;
; async_transmitter.v              ; yes             ; User Verilog HDL File  ; C:/Users/Jackson.Hall/Desktop/ENCE_3100_Jackson_Hall/QuartusLite/DE10_Board/Projects/UART_Word_Detector/async_transmitter.v ;         ;
; char2seg.v                       ; yes             ; User Verilog HDL File  ; C:/Users/Jackson.Hall/Desktop/ENCE_3100_Jackson_Hall/QuartusLite/DE10_Board/Projects/UART_Word_Detector/char2seg.v          ;         ;
; FSM_Word_Detector.v              ; yes             ; User Verilog HDL File  ; C:/Users/Jackson.Hall/Desktop/ENCE_3100_Jackson_Hall/QuartusLite/DE10_Board/Projects/UART_Word_Detector/FSM_Word_Detector.v ;         ;
; counter_3s.v                     ; yes             ; User Verilog HDL File  ; C:/Users/Jackson.Hall/Desktop/ENCE_3100_Jackson_Hall/QuartusLite/DE10_Board/Projects/UART_Word_Detector/counter_3s.v        ;         ;
+----------------------------------+-----------------+------------------------+-----------------------------------------------------------------------------------------------------------------------------+---------+


+-------------------------------------------------------------------+
; Analysis & Synthesis Resource Usage Summary                       ;
+---------------------------------------------+---------------------+
; Resource                                    ; Usage               ;
+---------------------------------------------+---------------------+
; Estimated Total logic elements              ; 203                 ;
;                                             ;                     ;
; Total combinational functions               ; 186                 ;
; Logic element usage by number of LUT inputs ;                     ;
;     -- 4 input functions                    ; 92                  ;
;     -- 3 input functions                    ; 22                  ;
;     -- <=2 input functions                  ; 72                  ;
;                                             ;                     ;
; Logic elements by mode                      ;                     ;
;     -- normal mode                          ; 132                 ;
;     -- arithmetic mode                      ; 54                  ;
;                                             ;                     ;
; Total registers                             ; 108                 ;
;     -- Dedicated logic registers            ; 108                 ;
;     -- I/O registers                        ; 0                   ;
;                                             ;                     ;
; I/O pins                                    ; 105                 ;
;                                             ;                     ;
; Embedded Multiplier 9-bit elements          ; 0                   ;
;                                             ;                     ;
; Maximum fan-out node                        ; MAX10_CLK1_50~input ;
; Maximum fan-out                             ; 108                 ;
; Total fan-out                               ; 1071                ;
; Average fan-out                             ; 1.98                ;
+---------------------------------------------+---------------------+


+----------------------------------------------------------------------------------------------------------------------------------------------------------------------------------------------------------------------------------------------------------------------+
; Analysis & Synthesis Resource Utilization by Entity                                                                                                                                                                                                                  ;
+-----------------------------+---------------------+---------------------------+-------------+------------+--------------+---------+-----------+------+--------------+------------+------------------------------------------------+-------------------+--------------+
; Compilation Hierarchy Node  ; Combinational ALUTs ; Dedicated Logic Registers ; Memory Bits ; UFM Blocks ; DSP Elements ; DSP 9x9 ; DSP 18x18 ; Pins ; Virtual Pins ; ADC blocks ; Full Hierarchy Name                            ; Entity Name       ; Library Name ;
+-----------------------------+---------------------+---------------------------+-------------+------------+--------------+---------+-----------+------+--------------+------------+------------------------------------------------+-------------------+--------------+
; |main                       ; 186 (1)             ; 108 (8)                   ; 0           ; 0          ; 0            ; 0       ; 0         ; 105  ; 0            ; 0          ; |main                                          ; main              ; work         ;
;    |FSM_Word_Detector:fsm0| ; 30 (30)             ; 7 (7)                     ; 0           ; 0          ; 0            ; 0       ; 0         ; 0    ; 0            ; 0          ; |main|FSM_Word_Detector:fsm0                   ; FSM_Word_Detector ; work         ;
;    |async_receiver:RX|      ; 35 (20)             ; 35 (21)                   ; 0           ; 0          ; 0            ; 0       ; 0         ; 0    ; 0            ; 0          ; |main|async_receiver:RX                        ; async_receiver    ; work         ;
;       |BaudTickGen:tickgen| ; 15 (15)             ; 14 (14)                   ; 0           ; 0          ; 0            ; 0       ; 0         ; 0    ; 0            ; 0          ; |main|async_receiver:RX|BaudTickGen:tickgen    ; BaudTickGen       ; work         ;
;    |async_transmitter:TX|   ; 41 (24)             ; 29 (12)                   ; 0           ; 0          ; 0            ; 0       ; 0         ; 0    ; 0            ; 0          ; |main|async_transmitter:TX                     ; async_transmitter ; work         ;
;       |BaudTickGen:tickgen| ; 17 (17)             ; 17 (17)                   ; 0           ; 0          ; 0            ; 0       ; 0         ; 0    ; 0            ; 0          ; |main|async_transmitter:TX|BaudTickGen:tickgen ; BaudTickGen       ; work         ;
;    |char2seg:Display|       ; 39 (39)             ; 0 (0)                     ; 0           ; 0          ; 0            ; 0       ; 0         ; 0    ; 0            ; 0          ; |main|char2seg:Display                         ; char2seg          ; work         ;
;    |counter_3s:count0|      ; 40 (40)             ; 29 (29)                   ; 0           ; 0          ; 0            ; 0       ; 0         ; 0    ; 0            ; 0          ; |main|counter_3s:count0                        ; counter_3s        ; work         ;
+-----------------------------+---------------------+---------------------------+-------------+------------+--------------+---------+-----------+------+--------------+------------+------------------------------------------------+-------------------+--------------+
Note: For table entries with two numbers listed, the numbers in parentheses indicate the number of resources of the given type used by the specific entity alone. The numbers listed outside of parentheses indicate the total resources of the given type used by the specific entity and all of its sub-entities in the hierarchy.


Encoding Type:  One-Hot
+----------------------------------------------------------------------------------------------------------+
; State Machine - |main|FSM_Word_Detector:fsm0|prev_state                                                  ;
+---------------+--------------+---------------+--------------+--------------+--------------+--------------+
; Name          ; prev_state.O ; prev_state.L2 ; prev_state.L ; prev_state.E ; prev_state.H ; prev_state.A ;
+---------------+--------------+---------------+--------------+--------------+--------------+--------------+
; prev_state.A  ; 0            ; 0             ; 0            ; 0            ; 0            ; 0            ;
; prev_state.H  ; 0            ; 0             ; 0            ; 0            ; 1            ; 1            ;
; prev_state.E  ; 0            ; 0             ; 0            ; 1            ; 0            ; 1            ;
; prev_state.L  ; 0            ; 0             ; 1            ; 0            ; 0            ; 1            ;
; prev_state.L2 ; 0            ; 1             ; 0            ; 0            ; 0            ; 1            ;
; prev_state.O  ; 1            ; 0             ; 0            ; 0            ; 0            ; 1            ;
+---------------+--------------+---------------+--------------+--------------+--------------+--------------+


Encoding Type:  One-Hot
+-----------------------------------------------------------------------+
; State Machine - |main|FSM_Word_Detector:fsm0|state                    ;
+----------+---------+----------+---------+---------+---------+---------+
; Name     ; state.O ; state.L2 ; state.L ; state.E ; state.H ; state.A ;
+----------+---------+----------+---------+---------+---------+---------+
; state.A  ; 0       ; 0        ; 0       ; 0       ; 0       ; 0       ;
; state.H  ; 0       ; 0        ; 0       ; 0       ; 1       ; 1       ;
; state.E  ; 0       ; 0        ; 0       ; 1       ; 0       ; 1       ;
; state.L  ; 0       ; 0        ; 1       ; 0       ; 0       ; 1       ;
; state.L2 ; 0       ; 1        ; 0       ; 0       ; 0       ; 1       ;
; state.O  ; 1       ; 0        ; 0       ; 0       ; 0       ; 1       ;
+----------+---------+----------+---------+---------+---------+---------+


+-------------------------------------------------------------+
; Registers Removed During Synthesis                          ;
+----------------------------------------+--------------------+
; Register name                          ; Reason for Removal ;
+----------------------------------------+--------------------+
; FSM_Word_Detector:fsm0|prev_state~13   ; Lost fanout        ;
; FSM_Word_Detector:fsm0|prev_state~14   ; Lost fanout        ;
; FSM_Word_Detector:fsm0|prev_state~15   ; Lost fanout        ;
; FSM_Word_Detector:fsm0|state~2         ; Lost fanout        ;
; FSM_Word_Detector:fsm0|state~3         ; Lost fanout        ;
; FSM_Word_Detector:fsm0|state~4         ; Lost fanout        ;
; FSM_Word_Detector:fsm0|prev_state.A    ; Lost fanout        ;
; FSM_Word_Detector:fsm0|prev_state.H    ; Lost fanout        ;
; FSM_Word_Detector:fsm0|prev_state.E    ; Lost fanout        ;
; FSM_Word_Detector:fsm0|prev_state.L2   ; Lost fanout        ;
; FSM_Word_Detector:fsm0|prev_state.O    ; Lost fanout        ;
; Total Number of Removed Registers = 11 ;                    ;
+----------------------------------------+--------------------+


+--------------------------------------------------------------------------------------------------------------------------------------+
; Removed Registers Triggering Further Register Optimizations                                                                          ;
+--------------------------------------+--------------------+--------------------------------------------------------------------------+
; Register name                        ; Reason for Removal ; Registers Removed due to This Register                                   ;
+--------------------------------------+--------------------+--------------------------------------------------------------------------+
; FSM_Word_Detector:fsm0|prev_state~13 ; Lost Fanouts       ; FSM_Word_Detector:fsm0|prev_state.H, FSM_Word_Detector:fsm0|prev_state.O ;
; FSM_Word_Detector:fsm0|prev_state~14 ; Lost Fanouts       ; FSM_Word_Detector:fsm0|prev_state.E                                      ;
; FSM_Word_Detector:fsm0|prev_state~15 ; Lost Fanouts       ; FSM_Word_Detector:fsm0|prev_state.L2                                     ;
+--------------------------------------+--------------------+--------------------------------------------------------------------------+


+------------------------------------------------------+
; General Register Statistics                          ;
+----------------------------------------------+-------+
; Statistic                                    ; Value ;
+----------------------------------------------+-------+
; Total registers                              ; 108   ;
; Number of registers using Synchronous Clear  ; 26    ;
; Number of registers using Synchronous Load   ; 17    ;
; Number of registers using Asynchronous Clear ; 0     ;
; Number of registers using Asynchronous Load  ; 0     ;
; Number of registers using Clock Enable       ; 58    ;
; Number of registers using Preset             ; 0     ;
+----------------------------------------------+-------+


+--------------------------------------------------+
; Inverted Register Statistics                     ;
+----------------------------------------+---------+
; Inverted Register                      ; Fan out ;
+----------------------------------------+---------+
; async_receiver:RX|RxD_bit              ; 4       ;
; async_receiver:RX|Filter_cnt[0]        ; 3       ;
; async_receiver:RX|Filter_cnt[1]        ; 3       ;
; async_receiver:RX|RxD_sync[1]          ; 2       ;
; async_receiver:RX|RxD_sync[0]          ; 1       ;
; Total number of inverted registers = 5 ;         ;
+----------------------------------------+---------+


+-------------------------------------------------------------------------------------------------------------------------------------------------------+
; Multiplexer Restructuring Statistics (Restructuring Performed)                                                                                        ;
+--------------------+-----------+---------------+----------------------+------------------------+------------+-----------------------------------------+
; Multiplexer Inputs ; Bus Width ; Baseline Area ; Area if Restructured ; Saving if Restructured ; Registered ; Example Multiplexer Output              ;
+--------------------+-----------+---------------+----------------------+------------------------+------------+-----------------------------------------+
; 3:1                ; 2 bits    ; 4 LEs         ; 2 LEs                ; 2 LEs                  ; Yes        ; |main|counter_3s:count0|count[0]        ;
; 3:1                ; 7 bits    ; 14 LEs        ; 7 LEs                ; 7 LEs                  ; Yes        ; |main|async_transmitter:TX|TxD_shift[6] ;
; 5:1                ; 26 bits   ; 78 LEs        ; 26 LEs               ; 52 LEs                 ; Yes        ; |main|counter_3s:count0|clk_count[0]    ;
+--------------------+-----------+---------------+----------------------+------------------------+------------+-----------------------------------------+


+----------------------------------------------------------------+
; Parameter Settings for User Entity Instance: async_receiver:RX ;
+----------------+----------+------------------------------------+
; Parameter Name ; Value    ; Type                               ;
+----------------+----------+------------------------------------+
; ClkFrequency   ; 50000000 ; Signed Integer                     ;
; Baud           ; 115200   ; Signed Integer                     ;
; Oversampling   ; 8        ; Signed Integer                     ;
+----------------+----------+------------------------------------+
Note: In order to hide this table in the UI and the text report file, please set the "Show Parameter Settings in Synthesis Report" option in "Analysis and Synthesis Settings -> More Settings" to "Off".


+------------------------------------------------------------------------------------+
; Parameter Settings for User Entity Instance: async_receiver:RX|BaudTickGen:tickgen ;
+----------------+----------+--------------------------------------------------------+
; Parameter Name ; Value    ; Type                                                   ;
+----------------+----------+--------------------------------------------------------+
; ClkFrequency   ; 50000000 ; Signed Integer                                         ;
; Baud           ; 115200   ; Signed Integer                                         ;
; Oversampling   ; 8        ; Signed Integer                                         ;
+----------------+----------+--------------------------------------------------------+
Note: In order to hide this table in the UI and the text report file, please set the "Show Parameter Settings in Synthesis Report" option in "Analysis and Synthesis Settings -> More Settings" to "Off".


+-------------------------------------------------------------------+
; Parameter Settings for User Entity Instance: async_transmitter:TX ;
+----------------+----------+---------------------------------------+
; Parameter Name ; Value    ; Type                                  ;
+----------------+----------+---------------------------------------+
; ClkFrequency   ; 50000000 ; Signed Integer                        ;
; Baud           ; 115200   ; Signed Integer                        ;
+----------------+----------+---------------------------------------+
Note: In order to hide this table in the UI and the text report file, please set the "Show Parameter Settings in Synthesis Report" option in "Analysis and Synthesis Settings -> More Settings" to "Off".


+---------------------------------------------------------------------------------------+
; Parameter Settings for User Entity Instance: async_transmitter:TX|BaudTickGen:tickgen ;
+----------------+----------+-----------------------------------------------------------+
; Parameter Name ; Value    ; Type                                                      ;
+----------------+----------+-----------------------------------------------------------+
; ClkFrequency   ; 50000000 ; Signed Integer                                            ;
; Baud           ; 115200   ; Signed Integer                                            ;
; Oversampling   ; 1        ; Signed Integer                                            ;
+----------------+----------+-----------------------------------------------------------+
Note: In order to hide this table in the UI and the text report file, please set the "Show Parameter Settings in Synthesis Report" option in "Analysis and Synthesis Settings -> More Settings" to "Off".


+----------------------------------------------------------------+
; Parameter Settings for User Entity Instance: counter_3s:count0 ;
+----------------+----------+------------------------------------+
; Parameter Name ; Value    ; Type                               ;
+----------------+----------+------------------------------------+
; CLK_SPEED      ; 50000000 ; Signed Integer                     ;
; WIDTH          ; 26       ; Signed Integer                     ;
+----------------+----------+------------------------------------+
Note: In order to hide this table in the UI and the text report file, please set the "Show Parameter Settings in Synthesis Report" option in "Analysis and Synthesis Settings -> More Settings" to "Off".


+-----------------------------------------------------------------------------------------------------------------------------------------+
; Port Connectivity Checks: "async_transmitter:TX"                                                                                        ;
+----------+--------+----------+----------------------------------------------------------------------------------------------------------+
; Port     ; Type   ; Severity ; Details                                                                                                  ;
+----------+--------+----------+----------------------------------------------------------------------------------------------------------+
; TxD_busy ; Output ; Warning  ; Declared by entity but not connected by instance. Logic that only feeds a dangling port will be removed. ;
+----------+--------+----------+----------------------------------------------------------------------------------------------------------+


+-------------------------------------------------------------------+
; Port Connectivity Checks: "async_receiver:RX|BaudTickGen:tickgen" ;
+--------+-------+----------+---------------------------------------+
; Port   ; Type  ; Severity ; Details                               ;
+--------+-------+----------+---------------------------------------+
; enable ; Input ; Info     ; Stuck at VCC                          ;
+--------+-------+----------+---------------------------------------+


+------------------------------------------------------------------------------------------------------------------------------------------------+
; Port Connectivity Checks: "async_receiver:RX"                                                                                                  ;
+-----------------+--------+----------+----------------------------------------------------------------------------------------------------------+
; Port            ; Type   ; Severity ; Details                                                                                                  ;
+-----------------+--------+----------+----------------------------------------------------------------------------------------------------------+
; RxD_idle        ; Output ; Warning  ; Declared by entity but not connected by instance. Logic that only feeds a dangling port will be removed. ;
; RxD_endofpacket ; Output ; Warning  ; Declared by entity but not connected by instance. Logic that only feeds a dangling port will be removed. ;
+-----------------+--------+----------+----------------------------------------------------------------------------------------------------------+


+-----------------------------------------------------+
; Post-Synthesis Netlist Statistics for Top Partition ;
+-----------------------+-----------------------------+
; Type                  ; Count                       ;
+-----------------------+-----------------------------+
; boundary_port         ; 105                         ;
; cycloneiii_ff         ; 108                         ;
;     ENA               ; 32                          ;
;     ENA SCLR          ; 26                          ;
;     SLD               ; 17                          ;
;     plain             ; 33                          ;
; cycloneiii_io_obuf    ; 36                          ;
; cycloneiii_lcell_comb ; 189                         ;
;     arith             ; 54                          ;
;         2 data inputs ; 54                          ;
;     normal            ; 135                         ;
;         0 data inputs ; 4                           ;
;         1 data inputs ; 6                           ;
;         2 data inputs ; 11                          ;
;         3 data inputs ; 22                          ;
;         4 data inputs ; 92                          ;
;                       ;                             ;
; Max LUT depth         ; 9.00                        ;
; Average LUT depth     ; 3.10                        ;
+-----------------------+-----------------------------+


+-------------------------------+
; Elapsed Time Per Partition    ;
+----------------+--------------+
; Partition Name ; Elapsed Time ;
+----------------+--------------+
; Top            ; 00:00:01     ;
+----------------+--------------+


+-------------------------------+
; Analysis & Synthesis Messages ;
+-------------------------------+
Info: *******************************************************************
Info: Running Quartus Prime Analysis & Synthesis
    Info: Version 24.1std.0 Build 1077 03/04/2025 SC Lite Edition
    Info: Processing started: Tue Oct 28 00:49:52 2025
Info: Command: quartus_map --read_settings_files=on --write_settings_files=off main -c main
Warning (125092): Tcl Script File ram32x8_IP.qip not found
    Info (125063): set_global_assignment -name QIP_FILE ram32x8_IP.qip
Warning (18236): Number of processors has not been specified which may cause overloading on shared machines.  Set the global assignment NUM_PARALLEL_PROCESSORS in your QSF to an appropriate value for best performance.
Info (20030): Parallel compilation is enabled and will use 12 of the 12 processors detected
Info (12021): Found 1 design units, including 1 entities, in source file main.v
    Info (12023): Found entity 1: main File: C:/Users/Jackson.Hall/Desktop/ENCE_3100_Jackson_Hall/QuartusLite/DE10_Board/Projects/UART_Word_Detector/main.v Line: 4
Warning (12019): Can't analyze file -- file reg_array.v is missing
Warning (12019): Can't analyze file -- file dual_port_ram.v is missing
Warning (12019): Can't analyze file -- file ram32x8_ff.v is missing
Warning (12019): Can't analyze file -- file ram32x8_lut.v is missing
Warning (12019): Can't analyze file -- file ram32x8_m9k.v is missing
Warning (12019): Can't analyze file -- file basic_ram.v is missing
Warning (12019): Can't analyze file -- file ram14x4_lut.v is missing
Warning (12019): Can't analyze file -- file counter.v is missing
Warning (12019): Can't analyze file -- file timer_1s.v is missing
Info (12021): Found 4 design units, including 4 entities, in source file async_transmitter.v
    Info (12023): Found entity 1: async_transmitter File: C:/Users/Jackson.Hall/Desktop/ENCE_3100_Jackson_Hall/QuartusLite/DE10_Board/Projects/UART_Word_Detector/async_transmitter.v Line: 13
    Info (12023): Found entity 2: async_receiver File: C:/Users/Jackson.Hall/Desktop/ENCE_3100_Jackson_Hall/QuartusLite/DE10_Board/Projects/UART_Word_Detector/async_transmitter.v Line: 74
    Info (12023): Found entity 3: ASSERTION_ERROR File: C:/Users/Jackson.Hall/Desktop/ENCE_3100_Jackson_Hall/QuartusLite/DE10_Board/Projects/UART_Word_Detector/async_transmitter.v Line: 179
    Info (12023): Found entity 4: BaudTickGen File: C:/Users/Jackson.Hall/Desktop/ENCE_3100_Jackson_Hall/QuartusLite/DE10_Board/Projects/UART_Word_Detector/async_transmitter.v Line: 184
Warning (12019): Can't analyze file -- file uart_baudgen.v is missing
Info (12021): Found 1 design units, including 1 entities, in source file uart_tx.v
    Info (12023): Found entity 1: uart_tx File: C:/Users/Jackson.Hall/Desktop/ENCE_3100_Jackson_Hall/QuartusLite/DE10_Board/Projects/UART_Word_Detector/uart_tx.v Line: 5
Info (12021): Found 1 design units, including 1 entities, in source file uart_rx.v
    Info (12023): Found entity 1: uart_rx File: C:/Users/Jackson.Hall/Desktop/ENCE_3100_Jackson_Hall/QuartusLite/DE10_Board/Projects/UART_Word_Detector/uart_rx.v Line: 6
Warning (12019): Can't analyze file -- file uart_tx_v2.v is missing
Warning (12019): Can't analyze file -- file uart_rx_v2.v is missing
Info (12021): Found 1 design units, including 1 entities, in source file char2seg.v
    Info (12023): Found entity 1: char2seg File: C:/Users/Jackson.Hall/Desktop/ENCE_3100_Jackson_Hall/QuartusLite/DE10_Board/Projects/UART_Word_Detector/char2seg.v Line: 1
Info (12021): Found 1 design units, including 1 entities, in source file fsm_word_detector.v
    Info (12023): Found entity 1: FSM_Word_Detector File: C:/Users/Jackson.Hall/Desktop/ENCE_3100_Jackson_Hall/QuartusLite/DE10_Board/Projects/UART_Word_Detector/FSM_Word_Detector.v Line: 1
Info (12021): Found 1 design units, including 1 entities, in source file counter_3s.v
    Info (12023): Found entity 1: counter_3s File: C:/Users/Jackson.Hall/Desktop/ENCE_3100_Jackson_Hall/QuartusLite/DE10_Board/Projects/UART_Word_Detector/counter_3s.v Line: 1
Info (12127): Elaborating entity "main" for the top level hierarchy
Warning (10034): Output port "LEDR[9..6]" at main.v(8) has no driver File: C:/Users/Jackson.Hall/Desktop/ENCE_3100_Jackson_Hall/QuartusLite/DE10_Board/Projects/UART_Word_Detector/main.v Line: 8
Warning (10034): Output port "LEDR[4]" at main.v(8) has no driver File: C:/Users/Jackson.Hall/Desktop/ENCE_3100_Jackson_Hall/QuartusLite/DE10_Board/Projects/UART_Word_Detector/main.v Line: 8
Warning (10034): Output port "LEDR[2]" at main.v(8) has no driver File: C:/Users/Jackson.Hall/Desktop/ENCE_3100_Jackson_Hall/QuartusLite/DE10_Board/Projects/UART_Word_Detector/main.v Line: 8
Info (12128): Elaborating entity "async_receiver" for hierarchy "async_receiver:RX" File: C:/Users/Jackson.Hall/Desktop/ENCE_3100_Jackson_Hall/QuartusLite/DE10_Board/Projects/UART_Word_Detector/main.v Line: 33
Info (12128): Elaborating entity "BaudTickGen" for hierarchy "async_receiver:RX|BaudTickGen:tickgen" File: C:/Users/Jackson.Hall/Desktop/ENCE_3100_Jackson_Hall/QuartusLite/DE10_Board/Projects/UART_Word_Detector/async_transmitter.v Line: 108
Info (12128): Elaborating entity "async_transmitter" for hierarchy "async_transmitter:TX" File: C:/Users/Jackson.Hall/Desktop/ENCE_3100_Jackson_Hall/QuartusLite/DE10_Board/Projects/UART_Word_Detector/main.v Line: 44
Info (12128): Elaborating entity "BaudTickGen" for hierarchy "async_transmitter:TX|BaudTickGen:tickgen" File: C:/Users/Jackson.Hall/Desktop/ENCE_3100_Jackson_Hall/QuartusLite/DE10_Board/Projects/UART_Word_Detector/async_transmitter.v Line: 36
Info (12128): Elaborating entity "char2seg" for hierarchy "char2seg:Display" File: C:/Users/Jackson.Hall/Desktop/ENCE_3100_Jackson_Hall/QuartusLite/DE10_Board/Projects/UART_Word_Detector/main.v Line: 50
Warning (10270): Verilog HDL Case Statement warning at char2seg.v(15): incomplete case statement has no default case item File: C:/Users/Jackson.Hall/Desktop/ENCE_3100_Jackson_Hall/QuartusLite/DE10_Board/Projects/UART_Word_Detector/char2seg.v Line: 15
Info (12128): Elaborating entity "FSM_Word_Detector" for hierarchy "FSM_Word_Detector:fsm0" File: C:/Users/Jackson.Hall/Desktop/ENCE_3100_Jackson_Hall/QuartusLite/DE10_Board/Projects/UART_Word_Detector/main.v Line: 67
Info (12128): Elaborating entity "counter_3s" for hierarchy "counter_3s:count0" File: C:/Users/Jackson.Hall/Desktop/ENCE_3100_Jackson_Hall/QuartusLite/DE10_Board/Projects/UART_Word_Detector/main.v Line: 76
Warning (10230): Verilog HDL assignment warning at counter_3s.v(22): truncated value with size 32 to match size of target (26) File: C:/Users/Jackson.Hall/Desktop/ENCE_3100_Jackson_Hall/QuartusLite/DE10_Board/Projects/UART_Word_Detector/counter_3s.v Line: 22
Warning (10230): Verilog HDL assignment warning at counter_3s.v(25): truncated value with size 32 to match size of target (2) File: C:/Users/Jackson.Hall/Desktop/ENCE_3100_Jackson_Hall/QuartusLite/DE10_Board/Projects/UART_Word_Detector/counter_3s.v Line: 25
Warning (12241): 2 hierarchies have connectivity warnings - see the Connectivity Checks report folder
Warning (13034): The following nodes have both tri-state and non-tri-state drivers
    Warning (13035): Inserted always-enabled tri-state buffer between "GPIO[33]" and its non-tri-state driver. File: C:/Users/Jackson.Hall/Desktop/ENCE_3100_Jackson_Hall/QuartusLite/DE10_Board/Projects/UART_Word_Detector/main.v Line: 9
Warning (13039): The following bidirectional pins have no drivers
    Warning (13040): bidirectional pin "GPIO[35]" has no driver File: C:/Users/Jackson.Hall/Desktop/ENCE_3100_Jackson_Hall/QuartusLite/DE10_Board/Projects/UART_Word_Detector/main.v Line: 9
    Warning (13040): bidirectional pin "GPIO[0]" has no driver File: C:/Users/Jackson.Hall/Desktop/ENCE_3100_Jackson_Hall/QuartusLite/DE10_Board/Projects/UART_Word_Detector/main.v Line: 9
    Warning (13040): bidirectional pin "GPIO[1]" has no driver File: C:/Users/Jackson.Hall/Desktop/ENCE_3100_Jackson_Hall/QuartusLite/DE10_Board/Projects/UART_Word_Detector/main.v Line: 9
    Warning (13040): bidirectional pin "GPIO[2]" has no driver File: C:/Users/Jackson.Hall/Desktop/ENCE_3100_Jackson_Hall/QuartusLite/DE10_Board/Projects/UART_Word_Detector/main.v Line: 9
    Warning (13040): bidirectional pin "GPIO[3]" has no driver File: C:/Users/Jackson.Hall/Desktop/ENCE_3100_Jackson_Hall/QuartusLite/DE10_Board/Projects/UART_Word_Detector/main.v Line: 9
    Warning (13040): bidirectional pin "GPIO[4]" has no driver File: C:/Users/Jackson.Hall/Desktop/ENCE_3100_Jackson_Hall/QuartusLite/DE10_Board/Projects/UART_Word_Detector/main.v Line: 9
    Warning (13040): bidirectional pin "GPIO[5]" has no driver File: C:/Users/Jackson.Hall/Desktop/ENCE_3100_Jackson_Hall/QuartusLite/DE10_Board/Projects/UART_Word_Detector/main.v Line: 9
    Warning (13040): bidirectional pin "GPIO[6]" has no driver File: C:/Users/Jackson.Hall/Desktop/ENCE_3100_Jackson_Hall/QuartusLite/DE10_Board/Projects/UART_Word_Detector/main.v Line: 9
    Warning (13040): bidirectional pin "GPIO[7]" has no driver File: C:/Users/Jackson.Hall/Desktop/ENCE_3100_Jackson_Hall/QuartusLite/DE10_Board/Projects/UART_Word_Detector/main.v Line: 9
    Warning (13040): bidirectional pin "GPIO[8]" has no driver File: C:/Users/Jackson.Hall/Desktop/ENCE_3100_Jackson_Hall/QuartusLite/DE10_Board/Projects/UART_Word_Detector/main.v Line: 9
    Warning (13040): bidirectional pin "GPIO[9]" has no driver File: C:/Users/Jackson.Hall/Desktop/ENCE_3100_Jackson_Hall/QuartusLite/DE10_Board/Projects/UART_Word_Detector/main.v Line: 9
    Warning (13040): bidirectional pin "GPIO[10]" has no driver File: C:/Users/Jackson.Hall/Desktop/ENCE_3100_Jackson_Hall/QuartusLite/DE10_Board/Projects/UART_Word_Detector/main.v Line: 9
    Warning (13040): bidirectional pin "GPIO[11]" has no driver File: C:/Users/Jackson.Hall/Desktop/ENCE_3100_Jackson_Hall/QuartusLite/DE10_Board/Projects/UART_Word_Detector/main.v Line: 9
    Warning (13040): bidirectional pin "GPIO[12]" has no driver File: C:/Users/Jackson.Hall/Desktop/ENCE_3100_Jackson_Hall/QuartusLite/DE10_Board/Projects/UART_Word_Detector/main.v Line: 9
    Warning (13040): bidirectional pin "GPIO[13]" has no driver File: C:/Users/Jackson.Hall/Desktop/ENCE_3100_Jackson_Hall/QuartusLite/DE10_Board/Projects/UART_Word_Detector/main.v Line: 9
    Warning (13040): bidirectional pin "GPIO[14]" has no driver File: C:/Users/Jackson.Hall/Desktop/ENCE_3100_Jackson_Hall/QuartusLite/DE10_Board/Projects/UART_Word_Detector/main.v Line: 9
    Warning (13040): bidirectional pin "GPIO[15]" has no driver File: C:/Users/Jackson.Hall/Desktop/ENCE_3100_Jackson_Hall/QuartusLite/DE10_Board/Projects/UART_Word_Detector/main.v Line: 9
    Warning (13040): bidirectional pin "GPIO[16]" has no driver File: C:/Users/Jackson.Hall/Desktop/ENCE_3100_Jackson_Hall/QuartusLite/DE10_Board/Projects/UART_Word_Detector/main.v Line: 9
    Warning (13040): bidirectional pin "GPIO[17]" has no driver File: C:/Users/Jackson.Hall/Desktop/ENCE_3100_Jackson_Hall/QuartusLite/DE10_Board/Projects/UART_Word_Detector/main.v Line: 9
    Warning (13040): bidirectional pin "GPIO[18]" has no driver File: C:/Users/Jackson.Hall/Desktop/ENCE_3100_Jackson_Hall/QuartusLite/DE10_Board/Projects/UART_Word_Detector/main.v Line: 9
    Warning (13040): bidirectional pin "GPIO[19]" has no driver File: C:/Users/Jackson.Hall/Desktop/ENCE_3100_Jackson_Hall/QuartusLite/DE10_Board/Projects/UART_Word_Detector/main.v Line: 9
    Warning (13040): bidirectional pin "GPIO[20]" has no driver File: C:/Users/Jackson.Hall/Desktop/ENCE_3100_Jackson_Hall/QuartusLite/DE10_Board/Projects/UART_Word_Detector/main.v Line: 9
    Warning (13040): bidirectional pin "GPIO[21]" has no driver File: C:/Users/Jackson.Hall/Desktop/ENCE_3100_Jackson_Hall/QuartusLite/DE10_Board/Projects/UART_Word_Detector/main.v Line: 9
    Warning (13040): bidirectional pin "GPIO[22]" has no driver File: C:/Users/Jackson.Hall/Desktop/ENCE_3100_Jackson_Hall/QuartusLite/DE10_Board/Projects/UART_Word_Detector/main.v Line: 9
    Warning (13040): bidirectional pin "GPIO[23]" has no driver File: C:/Users/Jackson.Hall/Desktop/ENCE_3100_Jackson_Hall/QuartusLite/DE10_Board/Projects/UART_Word_Detector/main.v Line: 9
    Warning (13040): bidirectional pin "GPIO[24]" has no driver File: C:/Users/Jackson.Hall/Desktop/ENCE_3100_Jackson_Hall/QuartusLite/DE10_Board/Projects/UART_Word_Detector/main.v Line: 9
    Warning (13040): bidirectional pin "GPIO[25]" has no driver File: C:/Users/Jackson.Hall/Desktop/ENCE_3100_Jackson_Hall/QuartusLite/DE10_Board/Projects/UART_Word_Detector/main.v Line: 9
    Warning (13040): bidirectional pin "GPIO[26]" has no driver File: C:/Users/Jackson.Hall/Desktop/ENCE_3100_Jackson_Hall/QuartusLite/DE10_Board/Projects/UART_Word_Detector/main.v Line: 9
    Warning (13040): bidirectional pin "GPIO[27]" has no driver File: C:/Users/Jackson.Hall/Desktop/ENCE_3100_Jackson_Hall/QuartusLite/DE10_Board/Projects/UART_Word_Detector/main.v Line: 9
    Warning (13040): bidirectional pin "GPIO[28]" has no driver File: C:/Users/Jackson.Hall/Desktop/ENCE_3100_Jackson_Hall/QuartusLite/DE10_Board/Projects/UART_Word_Detector/main.v Line: 9
    Warning (13040): bidirectional pin "GPIO[29]" has no driver File: C:/Users/Jackson.Hall/Desktop/ENCE_3100_Jackson_Hall/QuartusLite/DE10_Board/Projects/UART_Word_Detector/main.v Line: 9
    Warning (13040): bidirectional pin "GPIO[30]" has no driver File: C:/Users/Jackson.Hall/Desktop/ENCE_3100_Jackson_Hall/QuartusLite/DE10_Board/Projects/UART_Word_Detector/main.v Line: 9
    Warning (13040): bidirectional pin "GPIO[31]" has no driver File: C:/Users/Jackson.Hall/Desktop/ENCE_3100_Jackson_Hall/QuartusLite/DE10_Board/Projects/UART_Word_Detector/main.v Line: 9
    Warning (13040): bidirectional pin "GPIO[32]" has no driver File: C:/Users/Jackson.Hall/Desktop/ENCE_3100_Jackson_Hall/QuartusLite/DE10_Board/Projects/UART_Word_Detector/main.v Line: 9
    Warning (13040): bidirectional pin "GPIO[34]" has no driver File: C:/Users/Jackson.Hall/Desktop/ENCE_3100_Jackson_Hall/QuartusLite/DE10_Board/Projects/UART_Word_Detector/main.v Line: 9
Warning (13009): TRI or OPNDRN buffers permanently enabled
    Warning (13010): Node "GPIO[33]~synth" File: C:/Users/Jackson.Hall/Desktop/ENCE_3100_Jackson_Hall/QuartusLite/DE10_Board/Projects/UART_Word_Detector/main.v Line: 9
Warning (13024): Output pins are stuck at VCC or GND
    Warning (13410): Pin "LEDR[2]" is stuck at GND File: C:/Users/Jackson.Hall/Desktop/ENCE_3100_Jackson_Hall/QuartusLite/DE10_Board/Projects/UART_Word_Detector/main.v Line: 8
    Warning (13410): Pin "LEDR[4]" is stuck at GND File: C:/Users/Jackson.Hall/Desktop/ENCE_3100_Jackson_Hall/QuartusLite/DE10_Board/Projects/UART_Word_Detector/main.v Line: 8
    Warning (13410): Pin "LEDR[6]" is stuck at GND File: C:/Users/Jackson.Hall/Desktop/ENCE_3100_Jackson_Hall/QuartusLite/DE10_Board/Projects/UART_Word_Detector/main.v Line: 8
    Warning (13410): Pin "LEDR[7]" is stuck at GND File: C:/Users/Jackson.Hall/Desktop/ENCE_3100_Jackson_Hall/QuartusLite/DE10_Board/Projects/UART_Word_Detector/main.v Line: 8
    Warning (13410): Pin "LEDR[8]" is stuck at GND File: C:/Users/Jackson.Hall/Desktop/ENCE_3100_Jackson_Hall/QuartusLite/DE10_Board/Projects/UART_Word_Detector/main.v Line: 8
    Warning (13410): Pin "LEDR[9]" is stuck at GND File: C:/Users/Jackson.Hall/Desktop/ENCE_3100_Jackson_Hall/QuartusLite/DE10_Board/Projects/UART_Word_Detector/main.v Line: 8
    Warning (13410): Pin "HEX1[0]" is stuck at VCC File: C:/Users/Jackson.Hall/Desktop/ENCE_3100_Jackson_Hall/QuartusLite/DE10_Board/Projects/UART_Word_Detector/main.v Line: 11
    Warning (13410): Pin "HEX1[1]" is stuck at VCC File: C:/Users/Jackson.Hall/Desktop/ENCE_3100_Jackson_Hall/QuartusLite/DE10_Board/Projects/UART_Word_Detector/main.v Line: 11
    Warning (13410): Pin "HEX1[5]" is stuck at VCC File: C:/Users/Jackson.Hall/Desktop/ENCE_3100_Jackson_Hall/QuartusLite/DE10_Board/Projects/UART_Word_Detector/main.v Line: 11
    Warning (13410): Pin "HEX1[7]" is stuck at VCC File: C:/Users/Jackson.Hall/Desktop/ENCE_3100_Jackson_Hall/QuartusLite/DE10_Board/Projects/UART_Word_Detector/main.v Line: 11
    Warning (13410): Pin "HEX2[0]" is stuck at VCC File: C:/Users/Jackson.Hall/Desktop/ENCE_3100_Jackson_Hall/QuartusLite/DE10_Board/Projects/UART_Word_Detector/main.v Line: 12
    Warning (13410): Pin "HEX2[1]" is stuck at VCC File: C:/Users/Jackson.Hall/Desktop/ENCE_3100_Jackson_Hall/QuartusLite/DE10_Board/Projects/UART_Word_Detector/main.v Line: 12
    Warning (13410): Pin "HEX2[2]" is stuck at VCC File: C:/Users/Jackson.Hall/Desktop/ENCE_3100_Jackson_Hall/QuartusLite/DE10_Board/Projects/UART_Word_Detector/main.v Line: 12
    Warning (13410): Pin "HEX2[6]" is stuck at VCC File: C:/Users/Jackson.Hall/Desktop/ENCE_3100_Jackson_Hall/QuartusLite/DE10_Board/Projects/UART_Word_Detector/main.v Line: 12
    Warning (13410): Pin "HEX2[7]" is stuck at VCC File: C:/Users/Jackson.Hall/Desktop/ENCE_3100_Jackson_Hall/QuartusLite/DE10_Board/Projects/UART_Word_Detector/main.v Line: 12
    Warning (13410): Pin "HEX3[0]" is stuck at VCC File: C:/Users/Jackson.Hall/Desktop/ENCE_3100_Jackson_Hall/QuartusLite/DE10_Board/Projects/UART_Word_Detector/main.v Line: 13
    Warning (13410): Pin "HEX3[1]" is stuck at VCC File: C:/Users/Jackson.Hall/Desktop/ENCE_3100_Jackson_Hall/QuartusLite/DE10_Board/Projects/UART_Word_Detector/main.v Line: 13
    Warning (13410): Pin "HEX3[2]" is stuck at VCC File: C:/Users/Jackson.Hall/Desktop/ENCE_3100_Jackson_Hall/QuartusLite/DE10_Board/Projects/UART_Word_Detector/main.v Line: 13
    Warning (13410): Pin "HEX3[6]" is stuck at VCC File: C:/Users/Jackson.Hall/Desktop/ENCE_3100_Jackson_Hall/QuartusLite/DE10_Board/Projects/UART_Word_Detector/main.v Line: 13
    Warning (13410): Pin "HEX3[7]" is stuck at VCC File: C:/Users/Jackson.Hall/Desktop/ENCE_3100_Jackson_Hall/QuartusLite/DE10_Board/Projects/UART_Word_Detector/main.v Line: 13
    Warning (13410): Pin "HEX4[1]" is stuck at VCC File: C:/Users/Jackson.Hall/Desktop/ENCE_3100_Jackson_Hall/QuartusLite/DE10_Board/Projects/UART_Word_Detector/main.v Line: 14
    Warning (13410): Pin "HEX4[2]" is stuck at VCC File: C:/Users/Jackson.Hall/Desktop/ENCE_3100_Jackson_Hall/QuartusLite/DE10_Board/Projects/UART_Word_Detector/main.v Line: 14
    Warning (13410): Pin "HEX4[7]" is stuck at VCC File: C:/Users/Jackson.Hall/Desktop/ENCE_3100_Jackson_Hall/QuartusLite/DE10_Board/Projects/UART_Word_Detector/main.v Line: 14
    Warning (13410): Pin "HEX5[0]" is stuck at VCC File: C:/Users/Jackson.Hall/Desktop/ENCE_3100_Jackson_Hall/QuartusLite/DE10_Board/Projects/UART_Word_Detector/main.v Line: 17
    Warning (13410): Pin "HEX5[3]" is stuck at VCC File: C:/Users/Jackson.Hall/Desktop/ENCE_3100_Jackson_Hall/QuartusLite/DE10_Board/Projects/UART_Word_Detector/main.v Line: 17
    Warning (13410): Pin "HEX5[7]" is stuck at VCC File: C:/Users/Jackson.Hall/Desktop/ENCE_3100_Jackson_Hall/QuartusLite/DE10_Board/Projects/UART_Word_Detector/main.v Line: 17
Info (286030): Timing-Driven Synthesis is running
Info (17049): 11 registers lost all their fanouts during netlist optimizations.
Warning (20013): Ignored 209 assignments for entity "DE10_LITE_Golden_Top" -- entity does not exist in design
    Warning (20014): Assignment for entity set_instance_assignment -name IO_STANDARD "3.3-V LVTTL" -to ADC_CLK_10 -entity DE10_LITE_Golden_Top was ignored
    Warning (20014): Assignment for entity set_instance_assignment -name IO_STANDARD "3.3-V LVTTL" -to ARDUINO_IO[0] -entity DE10_LITE_Golden_Top was ignored
    Warning (20014): Assignment for entity set_instance_assignment -name IO_STANDARD "3.3-V LVTTL" -to ARDUINO_IO[10] -entity DE10_LITE_Golden_Top was ignored
    Warning (20014): Assignment for entity set_instance_assignment -name IO_STANDARD "3.3-V LVTTL" -to ARDUINO_IO[11] -entity DE10_LITE_Golden_Top was ignored
    Warning (20014): Assignment for entity set_instance_assignment -name IO_STANDARD "3.3-V LVTTL" -to ARDUINO_IO[12] -entity DE10_LITE_Golden_Top was ignored
    Warning (20014): Assignment for entity set_instance_assignment -name IO_STANDARD "3.3-V LVTTL" -to ARDUINO_IO[13] -entity DE10_LITE_Golden_Top was ignored
    Warning (20014): Assignment for entity set_instance_assignment -name IO_STANDARD "3.3-V LVTTL" -to ARDUINO_IO[14] -entity DE10_LITE_Golden_Top was ignored
    Warning (20014): Assignment for entity set_instance_assignment -name IO_STANDARD "3.3-V LVTTL" -to ARDUINO_IO[15] -entity DE10_LITE_Golden_Top was ignored
    Warning (20014): Assignment for entity set_instance_assignment -name IO_STANDARD "3.3-V LVTTL" -to ARDUINO_IO[1] -entity DE10_LITE_Golden_Top was ignored
    Warning (20014): Assignment for entity set_instance_assignment -name IO_STANDARD "3.3-V LVTTL" -to ARDUINO_IO[2] -entity DE10_LITE_Golden_Top was ignored
    Warning (20014): Assignment for entity set_instance_assignment -name IO_STANDARD "3.3-V LVTTL" -to ARDUINO_IO[3] -entity DE10_LITE_Golden_Top was ignored
    Warning (20014): Assignment for entity set_instance_assignment -name IO_STANDARD "3.3-V LVTTL" -to ARDUINO_IO[4] -entity DE10_LITE_Golden_Top was ignored
    Warning (20014): Assignment for entity set_instance_assignment -name IO_STANDARD "3.3-V LVTTL" -to ARDUINO_IO[5] -entity DE10_LITE_Golden_Top was ignored
    Warning (20014): Assignment for entity set_instance_assignment -name IO_STANDARD "3.3-V LVTTL" -to ARDUINO_IO[6] -entity DE10_LITE_Golden_Top was ignored
    Warning (20014): Assignment for entity set_instance_assignment -name IO_STANDARD "3.3-V LVTTL" -to ARDUINO_IO[7] -entity DE10_LITE_Golden_Top was ignored
    Warning (20014): Assignment for entity set_instance_assignment -name IO_STANDARD "3.3-V LVTTL" -to ARDUINO_IO[8] -entity DE10_LITE_Golden_Top was ignored
    Warning (20014): Assignment for entity set_instance_assignment -name IO_STANDARD "3.3-V LVTTL" -to ARDUINO_IO[9] -entity DE10_LITE_Golden_Top was ignored
    Warning (20014): Assignment for entity set_instance_assignment -name IO_STANDARD "3.3-V LVTTL" -to ARDUINO_RESET_N -entity DE10_LITE_Golden_Top was ignored
    Warning (20014): Assignment for entity set_instance_assignment -name IO_STANDARD "3.3-V LVTTL" -to DRAM_ADDR[0] -entity DE10_LITE_Golden_Top was ignored
    Warning (20014): Assignment for entity set_instance_assignment -name IO_STANDARD "3.3-V LVTTL" -to DRAM_ADDR[10] -entity DE10_LITE_Golden_Top was ignored
    Warning (20014): Assignment for entity set_instance_assignment -name IO_STANDARD "3.3-V LVTTL" -to DRAM_ADDR[11] -entity DE10_LITE_Golden_Top was ignored
    Warning (20014): Assignment for entity set_instance_assignment -name IO_STANDARD "3.3-V LVTTL" -to DRAM_ADDR[12] -entity DE10_LITE_Golden_Top was ignored
    Warning (20014): Assignment for entity set_instance_assignment -name IO_STANDARD "3.3-V LVTTL" -to DRAM_ADDR[1] -entity DE10_LITE_Golden_Top was ignored
    Warning (20014): Assignment for entity set_instance_assignment -name IO_STANDARD "3.3-V LVTTL" -to DRAM_ADDR[2] -entity DE10_LITE_Golden_Top was ignored
    Warning (20014): Assignment for entity set_instance_assignment -name IO_STANDARD "3.3-V LVTTL" -to DRAM_ADDR[3] -entity DE10_LITE_Golden_Top was ignored
    Warning (20014): Assignment for entity set_instance_assignment -name IO_STANDARD "3.3-V LVTTL" -to DRAM_ADDR[4] -entity DE10_LITE_Golden_Top was ignored
    Warning (20014): Assignment for entity set_instance_assignment -name IO_STANDARD "3.3-V LVTTL" -to DRAM_ADDR[5] -entity DE10_LITE_Golden_Top was ignored
    Warning (20014): Assignment for entity set_instance_assignment -name IO_STANDARD "3.3-V LVTTL" -to DRAM_ADDR[6] -entity DE10_LITE_Golden_Top was ignored
    Warning (20014): Assignment for entity set_instance_assignment -name IO_STANDARD "3.3-V LVTTL" -to DRAM_ADDR[7] -entity DE10_LITE_Golden_Top was ignored
    Warning (20014): Assignment for entity set_instance_assignment -name IO_STANDARD "3.3-V LVTTL" -to DRAM_ADDR[8] -entity DE10_LITE_Golden_Top was ignored
    Warning (20014): Assignment for entity set_instance_assignment -name IO_STANDARD "3.3-V LVTTL" -to DRAM_ADDR[9] -entity DE10_LITE_Golden_Top was ignored
    Warning (20014): Assignment for entity set_instance_assignment -name IO_STANDARD "3.3-V LVTTL" -to DRAM_BA[0] -entity DE10_LITE_Golden_Top was ignored
    Warning (20014): Assignment for entity set_instance_assignment -name IO_STANDARD "3.3-V LVTTL" -to DRAM_BA[1] -entity DE10_LITE_Golden_Top was ignored
    Warning (20014): Assignment for entity set_instance_assignment -name IO_STANDARD "3.3-V LVTTL" -to DRAM_CAS_N -entity DE10_LITE_Golden_Top was ignored
    Warning (20014): Assignment for entity set_instance_assignment -name IO_STANDARD "3.3-V LVTTL" -to DRAM_CKE -entity DE10_LITE_Golden_Top was ignored
    Warning (20014): Assignment for entity set_instance_assignment -name IO_STANDARD "3.3-V LVTTL" -to DRAM_CLK -entity DE10_LITE_Golden_Top was ignored
    Warning (20014): Assignment for entity set_instance_assignment -name IO_STANDARD "3.3-V LVTTL" -to DRAM_CS_N -entity DE10_LITE_Golden_Top was ignored
    Warning (20014): Assignment for entity set_instance_assignment -name IO_STANDARD "3.3-V LVTTL" -to DRAM_DQ[0] -entity DE10_LITE_Golden_Top was ignored
    Warning (20014): Assignment for entity set_instance_assignment -name IO_STANDARD "3.3-V LVTTL" -to DRAM_DQ[10] -entity DE10_LITE_Golden_Top was ignored
    Warning (20014): Assignment for entity set_instance_assignment -name IO_STANDARD "3.3-V LVTTL" -to DRAM_DQ[11] -entity DE10_LITE_Golden_Top was ignored
    Warning (20014): Assignment for entity set_instance_assignment -name IO_STANDARD "3.3-V LVTTL" -to DRAM_DQ[12] -entity DE10_LITE_Golden_Top was ignored
    Warning (20014): Assignment for entity set_instance_assignment -name IO_STANDARD "3.3-V LVTTL" -to DRAM_DQ[13] -entity DE10_LITE_Golden_Top was ignored
    Warning (20014): Assignment for entity set_instance_assignment -name IO_STANDARD "3.3-V LVTTL" -to DRAM_DQ[14] -entity DE10_LITE_Golden_Top was ignored
    Warning (20014): Assignment for entity set_instance_assignment -name IO_STANDARD "3.3-V LVTTL" -to DRAM_DQ[15] -entity DE10_LITE_Golden_Top was ignored
    Warning (20014): Assignment for entity set_instance_assignment -name IO_STANDARD "3.3-V LVTTL" -to DRAM_DQ[1] -entity DE10_LITE_Golden_Top was ignored
    Warning (20014): Assignment for entity set_instance_assignment -name IO_STANDARD "3.3-V LVTTL" -to DRAM_DQ[2] -entity DE10_LITE_Golden_Top was ignored
    Warning (20014): Assignment for entity set_instance_assignment -name IO_STANDARD "3.3-V LVTTL" -to DRAM_DQ[3] -entity DE10_LITE_Golden_Top was ignored
    Warning (20014): Assignment for entity set_instance_assignment -name IO_STANDARD "3.3-V LVTTL" -to DRAM_DQ[4] -entity DE10_LITE_Golden_Top was ignored
    Warning (20014): Assignment for entity set_instance_assignment -name IO_STANDARD "3.3-V LVTTL" -to DRAM_DQ[5] -entity DE10_LITE_Golden_Top was ignored
    Warning (20014): Assignment for entity set_instance_assignment -name IO_STANDARD "3.3-V LVTTL" -to DRAM_DQ[6] -entity DE10_LITE_Golden_Top was ignored
    Warning (20014): Assignment for entity set_instance_assignment -name IO_STANDARD "3.3-V LVTTL" -to DRAM_DQ[7] -entity DE10_LITE_Golden_Top was ignored
    Warning (20014): Assignment for entity set_instance_assignment -name IO_STANDARD "3.3-V LVTTL" -to DRAM_DQ[8] -entity DE10_LITE_Golden_Top was ignored
    Warning (20014): Assignment for entity set_instance_assignment -name IO_STANDARD "3.3-V LVTTL" -to DRAM_DQ[9] -entity DE10_LITE_Golden_Top was ignored
    Warning (20014): Assignment for entity set_instance_assignment -name IO_STANDARD "3.3-V LVTTL" -to DRAM_LDQM -entity DE10_LITE_Golden_Top was ignored
    Warning (20014): Assignment for entity set_instance_assignment -name IO_STANDARD "3.3-V LVTTL" -to DRAM_RAS_N -entity DE10_LITE_Golden_Top was ignored
    Warning (20014): Assignment for entity set_instance_assignment -name IO_STANDARD "3.3-V LVTTL" -to DRAM_UDQM -entity DE10_LITE_Golden_Top was ignored
    Warning (20014): Assignment for entity set_instance_assignment -name IO_STANDARD "3.3-V LVTTL" -to DRAM_WE_N -entity DE10_LITE_Golden_Top was ignored
    Warning (20014): Assignment for entity set_instance_assignment -name IO_STANDARD "3.3-V LVTTL" -to GPIO[0] -entity DE10_LITE_Golden_Top was ignored
    Warning (20014): Assignment for entity set_instance_assignment -name IO_STANDARD "3.3-V LVTTL" -to GPIO[10] -entity DE10_LITE_Golden_Top was ignored
    Warning (20014): Assignment for entity set_instance_assignment -name IO_STANDARD "3.3-V LVTTL" -to GPIO[11] -entity DE10_LITE_Golden_Top was ignored
    Warning (20014): Assignment for entity set_instance_assignment -name IO_STANDARD "3.3-V LVTTL" -to GPIO[12] -entity DE10_LITE_Golden_Top was ignored
    Warning (20014): Assignment for entity set_instance_assignment -name IO_STANDARD "3.3-V LVTTL" -to GPIO[13] -entity DE10_LITE_Golden_Top was ignored
    Warning (20014): Assignment for entity set_instance_assignment -name IO_STANDARD "3.3-V LVTTL" -to GPIO[14] -entity DE10_LITE_Golden_Top was ignored
    Warning (20014): Assignment for entity set_instance_assignment -name IO_STANDARD "3.3-V LVTTL" -to GPIO[15] -entity DE10_LITE_Golden_Top was ignored
    Warning (20014): Assignment for entity set_instance_assignment -name IO_STANDARD "3.3-V LVTTL" -to GPIO[16] -entity DE10_LITE_Golden_Top was ignored
    Warning (20014): Assignment for entity set_instance_assignment -name IO_STANDARD "3.3-V LVTTL" -to GPIO[17] -entity DE10_LITE_Golden_Top was ignored
    Warning (20014): Assignment for entity set_instance_assignment -name IO_STANDARD "3.3-V LVTTL" -to GPIO[18] -entity DE10_LITE_Golden_Top was ignored
    Warning (20014): Assignment for entity set_instance_assignment -name IO_STANDARD "3.3-V LVTTL" -to GPIO[19] -entity DE10_LITE_Golden_Top was ignored
    Warning (20014): Assignment for entity set_instance_assignment -name IO_STANDARD "3.3-V LVTTL" -to GPIO[1] -entity DE10_LITE_Golden_Top was ignored
    Warning (20014): Assignment for entity set_instance_assignment -name IO_STANDARD "3.3-V LVTTL" -to GPIO[20] -entity DE10_LITE_Golden_Top was ignored
    Warning (20014): Assignment for entity set_instance_assignment -name IO_STANDARD "3.3-V LVTTL" -to GPIO[21] -entity DE10_LITE_Golden_Top was ignored
    Warning (20014): Assignment for entity set_instance_assignment -name IO_STANDARD "3.3-V LVTTL" -to GPIO[22] -entity DE10_LITE_Golden_Top was ignored
    Warning (20014): Assignment for entity set_instance_assignment -name IO_STANDARD "3.3-V LVTTL" -to GPIO[23] -entity DE10_LITE_Golden_Top was ignored
    Warning (20014): Assignment for entity set_instance_assignment -name IO_STANDARD "3.3-V LVTTL" -to GPIO[24] -entity DE10_LITE_Golden_Top was ignored
    Warning (20014): Assignment for entity set_instance_assignment -name IO_STANDARD "3.3-V LVTTL" -to GPIO[25] -entity DE10_LITE_Golden_Top was ignored
    Warning (20014): Assignment for entity set_instance_assignment -name IO_STANDARD "3.3-V LVTTL" -to GPIO[26] -entity DE10_LITE_Golden_Top was ignored
    Warning (20014): Assignment for entity set_instance_assignment -name IO_STANDARD "3.3-V LVTTL" -to GPIO[27] -entity DE10_LITE_Golden_Top was ignored
    Warning (20014): Assignment for entity set_instance_assignment -name IO_STANDARD "3.3-V LVTTL" -to GPIO[28] -entity DE10_LITE_Golden_Top was ignored
    Warning (20014): Assignment for entity set_instance_assignment -name IO_STANDARD "3.3-V LVTTL" -to GPIO[29] -entity DE10_LITE_Golden_Top was ignored
    Warning (20014): Assignment for entity set_instance_assignment -name IO_STANDARD "3.3-V LVTTL" -to GPIO[2] -entity DE10_LITE_Golden_Top was ignored
    Warning (20014): Assignment for entity set_instance_assignment -name IO_STANDARD "3.3-V LVTTL" -to GPIO[30] -entity DE10_LITE_Golden_Top was ignored
    Warning (20014): Assignment for entity set_instance_assignment -name IO_STANDARD "3.3-V LVTTL" -to GPIO[31] -entity DE10_LITE_Golden_Top was ignored
    Warning (20014): Assignment for entity set_instance_assignment -name IO_STANDARD "3.3-V LVTTL" -to GPIO[32] -entity DE10_LITE_Golden_Top was ignored
    Warning (20014): Assignment for entity set_instance_assignment -name IO_STANDARD "3.3-V LVTTL" -to GPIO[33] -entity DE10_LITE_Golden_Top was ignored
    Warning (20014): Assignment for entity set_instance_assignment -name IO_STANDARD "3.3-V LVTTL" -to GPIO[34] -entity DE10_LITE_Golden_Top was ignored
    Warning (20014): Assignment for entity set_instance_assignment -name IO_STANDARD "3.3-V LVTTL" -to GPIO[35] -entity DE10_LITE_Golden_Top was ignored
    Warning (20014): Assignment for entity set_instance_assignment -name IO_STANDARD "3.3-V LVTTL" -to GPIO[3] -entity DE10_LITE_Golden_Top was ignored
    Warning (20014): Assignment for entity set_instance_assignment -name IO_STANDARD "3.3-V LVTTL" -to GPIO[4] -entity DE10_LITE_Golden_Top was ignored
    Warning (20014): Assignment for entity set_instance_assignment -name IO_STANDARD "3.3-V LVTTL" -to GPIO[5] -entity DE10_LITE_Golden_Top was ignored
    Warning (20014): Assignment for entity set_instance_assignment -name IO_STANDARD "3.3-V LVTTL" -to GPIO[6] -entity DE10_LITE_Golden_Top was ignored
    Warning (20014): Assignment for entity set_instance_assignment -name IO_STANDARD "3.3-V LVTTL" -to GPIO[7] -entity DE10_LITE_Golden_Top was ignored
    Warning (20014): Assignment for entity set_instance_assignment -name IO_STANDARD "3.3-V LVTTL" -to GPIO[8] -entity DE10_LITE_Golden_Top was ignored
    Warning (20014): Assignment for entity set_instance_assignment -name IO_STANDARD "3.3-V LVTTL" -to GPIO[9] -entity DE10_LITE_Golden_Top was ignored
    Warning (20014): Assignment for entity set_instance_assignment -name IO_STANDARD "3.3-V LVTTL" -to GSENSOR_CS_N -entity DE10_LITE_Golden_Top was ignored
    Warning (20014): Assignment for entity set_instance_assignment -name IO_STANDARD "3.3-V LVTTL" -to GSENSOR_INT[1] -entity DE10_LITE_Golden_Top was ignored
    Warning (20014): Assignment for entity set_instance_assignment -name IO_STANDARD "3.3-V LVTTL" -to GSENSOR_INT[2] -entity DE10_LITE_Golden_Top was ignored
    Warning (20014): Assignment for entity set_instance_assignment -name IO_STANDARD "3.3-V LVTTL" -to GSENSOR_SCLK -entity DE10_LITE_Golden_Top was ignored
    Warning (20014): Assignment for entity set_instance_assignment -name IO_STANDARD "3.3-V LVTTL" -to GSENSOR_SDI -entity DE10_LITE_Golden_Top was ignored
    Warning (20014): Assignment for entity set_instance_assignment -name IO_STANDARD "3.3-V LVTTL" -to GSENSOR_SDO -entity DE10_LITE_Golden_Top was ignored
    Warning (20014): Assignment for entity set_instance_assignment -name IO_STANDARD "3.3-V LVTTL" -to HEX0[0] -entity DE10_LITE_Golden_Top was ignored
    Warning (20014): Assignment for entity set_instance_assignment -name IO_STANDARD "3.3-V LVTTL" -to HEX0[1] -entity DE10_LITE_Golden_Top was ignored
    Warning (20014): Assignment for entity set_instance_assignment -name IO_STANDARD "3.3-V LVTTL" -to HEX0[2] -entity DE10_LITE_Golden_Top was ignored
    Warning (20014): Assignment for entity set_instance_assignment -name IO_STANDARD "3.3-V LVTTL" -to HEX0[3] -entity DE10_LITE_Golden_Top was ignored
    Warning (20014): Assignment for entity set_instance_assignment -name IO_STANDARD "3.3-V LVTTL" -to HEX0[4] -entity DE10_LITE_Golden_Top was ignored
    Warning (20014): Assignment for entity set_instance_assignment -name IO_STANDARD "3.3-V LVTTL" -to HEX0[5] -entity DE10_LITE_Golden_Top was ignored
    Warning (20014): Assignment for entity set_instance_assignment -name IO_STANDARD "3.3-V LVTTL" -to HEX0[6] -entity DE10_LITE_Golden_Top was ignored
    Warning (20014): Assignment for entity set_instance_assignment -name IO_STANDARD "3.3-V LVTTL" -to HEX0[7] -entity DE10_LITE_Golden_Top was ignored
    Warning (20014): Assignment for entity set_instance_assignment -name IO_STANDARD "3.3-V LVTTL" -to HEX1[0] -entity DE10_LITE_Golden_Top was ignored
    Warning (20014): Assignment for entity set_instance_assignment -name IO_STANDARD "3.3-V LVTTL" -to HEX1[1] -entity DE10_LITE_Golden_Top was ignored
    Warning (20014): Assignment for entity set_instance_assignment -name IO_STANDARD "3.3-V LVTTL" -to HEX1[2] -entity DE10_LITE_Golden_Top was ignored
    Warning (20014): Assignment for entity set_instance_assignment -name IO_STANDARD "3.3-V LVTTL" -to HEX1[3] -entity DE10_LITE_Golden_Top was ignored
    Warning (20014): Assignment for entity set_instance_assignment -name IO_STANDARD "3.3-V LVTTL" -to HEX1[4] -entity DE10_LITE_Golden_Top was ignored
    Warning (20014): Assignment for entity set_instance_assignment -name IO_STANDARD "3.3-V LVTTL" -to HEX1[5] -entity DE10_LITE_Golden_Top was ignored
    Warning (20014): Assignment for entity set_instance_assignment -name IO_STANDARD "3.3-V LVTTL" -to HEX1[6] -entity DE10_LITE_Golden_Top was ignored
    Warning (20014): Assignment for entity set_instance_assignment -name IO_STANDARD "3.3-V LVTTL" -to HEX1[7] -entity DE10_LITE_Golden_Top was ignored
    Warning (20014): Assignment for entity set_instance_assignment -name IO_STANDARD "3.3-V LVTTL" -to HEX2[0] -entity DE10_LITE_Golden_Top was ignored
    Warning (20014): Assignment for entity set_instance_assignment -name IO_STANDARD "3.3-V LVTTL" -to HEX2[1] -entity DE10_LITE_Golden_Top was ignored
    Warning (20014): Assignment for entity set_instance_assignment -name IO_STANDARD "3.3-V LVTTL" -to HEX2[2] -entity DE10_LITE_Golden_Top was ignored
    Warning (20014): Assignment for entity set_instance_assignment -name IO_STANDARD "3.3-V LVTTL" -to HEX2[3] -entity DE10_LITE_Golden_Top was ignored
    Warning (20014): Assignment for entity set_instance_assignment -name IO_STANDARD "3.3-V LVTTL" -to HEX2[4] -entity DE10_LITE_Golden_Top was ignored
    Warning (20014): Assignment for entity set_instance_assignment -name IO_STANDARD "3.3-V LVTTL" -to HEX2[5] -entity DE10_LITE_Golden_Top was ignored
    Warning (20014): Assignment for entity set_instance_assignment -name IO_STANDARD "3.3-V LVTTL" -to HEX2[6] -entity DE10_LITE_Golden_Top was ignored
    Warning (20014): Assignment for entity set_instance_assignment -name IO_STANDARD "3.3-V LVTTL" -to HEX2[7] -entity DE10_LITE_Golden_Top was ignored
    Warning (20014): Assignment for entity set_instance_assignment -name IO_STANDARD "3.3-V LVTTL" -to HEX3[0] -entity DE10_LITE_Golden_Top was ignored
    Warning (20014): Assignment for entity set_instance_assignment -name IO_STANDARD "3.3-V LVTTL" -to HEX3[1] -entity DE10_LITE_Golden_Top was ignored
    Warning (20014): Assignment for entity set_instance_assignment -name IO_STANDARD "3.3-V LVTTL" -to HEX3[2] -entity DE10_LITE_Golden_Top was ignored
    Warning (20014): Assignment for entity set_instance_assignment -name IO_STANDARD "3.3-V LVTTL" -to HEX3[3] -entity DE10_LITE_Golden_Top was ignored
    Warning (20014): Assignment for entity set_instance_assignment -name IO_STANDARD "3.3-V LVTTL" -to HEX3[4] -entity DE10_LITE_Golden_Top was ignored
    Warning (20014): Assignment for entity set_instance_assignment -name IO_STANDARD "3.3-V LVTTL" -to HEX3[5] -entity DE10_LITE_Golden_Top was ignored
    Warning (20014): Assignment for entity set_instance_assignment -name IO_STANDARD "3.3-V LVTTL" -to HEX3[6] -entity DE10_LITE_Golden_Top was ignored
    Warning (20014): Assignment for entity set_instance_assignment -name IO_STANDARD "3.3-V LVTTL" -to HEX3[7] -entity DE10_LITE_Golden_Top was ignored
    Warning (20014): Assignment for entity set_instance_assignment -name IO_STANDARD "3.3-V LVTTL" -to HEX4[0] -entity DE10_LITE_Golden_Top was ignored
    Warning (20014): Assignment for entity set_instance_assignment -name IO_STANDARD "3.3-V LVTTL" -to HEX4[1] -entity DE10_LITE_Golden_Top was ignored
    Warning (20014): Assignment for entity set_instance_assignment -name IO_STANDARD "3.3-V LVTTL" -to HEX4[2] -entity DE10_LITE_Golden_Top was ignored
    Warning (20014): Assignment for entity set_instance_assignment -name IO_STANDARD "3.3-V LVTTL" -to HEX4[3] -entity DE10_LITE_Golden_Top was ignored
    Warning (20014): Assignment for entity set_instance_assignment -name IO_STANDARD "3.3-V LVTTL" -to HEX4[4] -entity DE10_LITE_Golden_Top was ignored
    Warning (20014): Assignment for entity set_instance_assignment -name IO_STANDARD "3.3-V LVTTL" -to HEX4[5] -entity DE10_LITE_Golden_Top was ignored
    Warning (20014): Assignment for entity set_instance_assignment -name IO_STANDARD "3.3-V LVTTL" -to HEX4[6] -entity DE10_LITE_Golden_Top was ignored
    Warning (20014): Assignment for entity set_instance_assignment -name IO_STANDARD "3.3-V LVTTL" -to HEX4[7] -entity DE10_LITE_Golden_Top was ignored
    Warning (20014): Assignment for entity set_instance_assignment -name IO_STANDARD "3.3-V LVTTL" -to HEX5[0] -entity DE10_LITE_Golden_Top was ignored
    Warning (20014): Assignment for entity set_instance_assignment -name IO_STANDARD "3.3-V LVTTL" -to HEX5[1] -entity DE10_LITE_Golden_Top was ignored
    Warning (20014): Assignment for entity set_instance_assignment -name IO_STANDARD "3.3-V LVTTL" -to HEX5[2] -entity DE10_LITE_Golden_Top was ignored
    Warning (20014): Assignment for entity set_instance_assignment -name IO_STANDARD "3.3-V LVTTL" -to HEX5[3] -entity DE10_LITE_Golden_Top was ignored
    Warning (20014): Assignment for entity set_instance_assignment -name IO_STANDARD "3.3-V LVTTL" -to HEX5[4] -entity DE10_LITE_Golden_Top was ignored
    Warning (20014): Assignment for entity set_instance_assignment -name IO_STANDARD "3.3-V LVTTL" -to HEX5[5] -entity DE10_LITE_Golden_Top was ignored
    Warning (20014): Assignment for entity set_instance_assignment -name IO_STANDARD "3.3-V LVTTL" -to HEX5[6] -entity DE10_LITE_Golden_Top was ignored
    Warning (20014): Assignment for entity set_instance_assignment -name IO_STANDARD "3.3-V LVTTL" -to HEX5[7] -entity DE10_LITE_Golden_Top was ignored
    Warning (20014): Assignment for entity set_instance_assignment -name IO_STANDARD "3.3 V SCHMITT TRIGGER" -to KEY[0] -entity DE10_LITE_Golden_Top was ignored
    Warning (20014): Assignment for entity set_instance_assignment -name IO_STANDARD "3.3 V SCHMITT TRIGGER" -to KEY[1] -entity DE10_LITE_Golden_Top was ignored
    Warning (20014): Assignment for entity set_instance_assignment -name IO_STANDARD "3.3-V LVTTL" -to LEDR[0] -entity DE10_LITE_Golden_Top was ignored
    Warning (20014): Assignment for entity set_instance_assignment -name IO_STANDARD "3.3-V LVTTL" -to LEDR[1] -entity DE10_LITE_Golden_Top was ignored
    Warning (20014): Assignment for entity set_instance_assignment -name IO_STANDARD "3.3-V LVTTL" -to LEDR[2] -entity DE10_LITE_Golden_Top was ignored
    Warning (20014): Assignment for entity set_instance_assignment -name IO_STANDARD "3.3-V LVTTL" -to LEDR[3] -entity DE10_LITE_Golden_Top was ignored
    Warning (20014): Assignment for entity set_instance_assignment -name IO_STANDARD "3.3-V LVTTL" -to LEDR[4] -entity DE10_LITE_Golden_Top was ignored
    Warning (20014): Assignment for entity set_instance_assignment -name IO_STANDARD "3.3-V LVTTL" -to LEDR[5] -entity DE10_LITE_Golden_Top was ignored
    Warning (20014): Assignment for entity set_instance_assignment -name IO_STANDARD "3.3-V LVTTL" -to LEDR[6] -entity DE10_LITE_Golden_Top was ignored
    Warning (20014): Assignment for entity set_instance_assignment -name IO_STANDARD "3.3-V LVTTL" -to LEDR[7] -entity DE10_LITE_Golden_Top was ignored
    Warning (20014): Assignment for entity set_instance_assignment -name IO_STANDARD "3.3-V LVTTL" -to LEDR[8] -entity DE10_LITE_Golden_Top was ignored
    Warning (20014): Assignment for entity set_instance_assignment -name IO_STANDARD "3.3-V LVTTL" -to LEDR[9] -entity DE10_LITE_Golden_Top was ignored
    Warning (20014): Assignment for entity set_instance_assignment -name IO_STANDARD "3.3-V LVTTL" -to MAX10_CLK1_50 -entity DE10_LITE_Golden_Top was ignored
    Warning (20014): Assignment for entity set_instance_assignment -name IO_STANDARD "3.3-V LVTTL" -to MAX10_CLK2_50 -entity DE10_LITE_Golden_Top was ignored
    Warning (20014): Assignment for entity set_instance_assignment -name IO_STANDARD "3.3-V LVTTL" -to SW[0] -entity DE10_LITE_Golden_Top was ignored
    Warning (20014): Assignment for entity set_instance_assignment -name IO_STANDARD "3.3-V LVTTL" -to SW[1] -entity DE10_LITE_Golden_Top was ignored
    Warning (20014): Assignment for entity set_instance_assignment -name IO_STANDARD "3.3-V LVTTL" -to SW[2] -entity DE10_LITE_Golden_Top was ignored
    Warning (20014): Assignment for entity set_instance_assignment -name IO_STANDARD "3.3-V LVTTL" -to SW[3] -entity DE10_LITE_Golden_Top was ignored
    Warning (20014): Assignment for entity set_instance_assignment -name IO_STANDARD "3.3-V LVTTL" -to SW[4] -entity DE10_LITE_Golden_Top was ignored
    Warning (20014): Assignment for entity set_instance_assignment -name IO_STANDARD "3.3-V LVTTL" -to SW[5] -entity DE10_LITE_Golden_Top was ignored
    Warning (20014): Assignment for entity set_instance_assignment -name IO_STANDARD "3.3-V LVTTL" -to SW[6] -entity DE10_LITE_Golden_Top was ignored
    Warning (20014): Assignment for entity set_instance_assignment -name IO_STANDARD "3.3-V LVTTL" -to SW[7] -entity DE10_LITE_Golden_Top was ignored
    Warning (20014): Assignment for entity set_instance_assignment -name IO_STANDARD "3.3-V LVTTL" -to SW[8] -entity DE10_LITE_Golden_Top was ignored
    Warning (20014): Assignment for entity set_instance_assignment -name IO_STANDARD "3.3-V LVTTL" -to SW[9] -entity DE10_LITE_Golden_Top was ignored
    Warning (20014): Assignment for entity set_instance_assignment -name IO_STANDARD "3.3-V LVTTL" -to VGA_B[0] -entity DE10_LITE_Golden_Top was ignored
    Warning (20014): Assignment for entity set_instance_assignment -name IO_STANDARD "3.3-V LVTTL" -to VGA_B[1] -entity DE10_LITE_Golden_Top was ignored
    Warning (20014): Assignment for entity set_instance_assignment -name IO_STANDARD "3.3-V LVTTL" -to VGA_B[2] -entity DE10_LITE_Golden_Top was ignored
    Warning (20014): Assignment for entity set_instance_assignment -name IO_STANDARD "3.3-V LVTTL" -to VGA_B[3] -entity DE10_LITE_Golden_Top was ignored
    Warning (20014): Assignment for entity set_instance_assignment -name IO_STANDARD "3.3-V LVTTL" -to VGA_G[0] -entity DE10_LITE_Golden_Top was ignored
    Warning (20014): Assignment for entity set_instance_assignment -name IO_STANDARD "3.3-V LVTTL" -to VGA_G[1] -entity DE10_LITE_Golden_Top was ignored
    Warning (20014): Assignment for entity set_instance_assignment -name IO_STANDARD "3.3-V LVTTL" -to VGA_G[2] -entity DE10_LITE_Golden_Top was ignored
    Warning (20014): Assignment for entity set_instance_assignment -name IO_STANDARD "3.3-V LVTTL" -to VGA_G[3] -entity DE10_LITE_Golden_Top was ignored
    Warning (20014): Assignment for entity set_instance_assignment -name IO_STANDARD "3.3-V LVTTL" -to VGA_HS -entity DE10_LITE_Golden_Top was ignored
    Warning (20014): Assignment for entity set_instance_assignment -name IO_STANDARD "3.3-V LVTTL" -to VGA_R[0] -entity DE10_LITE_Golden_Top was ignored
    Warning (20014): Assignment for entity set_instance_assignment -name IO_STANDARD "3.3-V LVTTL" -to VGA_R[1] -entity DE10_LITE_Golden_Top was ignored
    Warning (20014): Assignment for entity set_instance_assignment -name IO_STANDARD "3.3-V LVTTL" -to VGA_R[2] -entity DE10_LITE_Golden_Top was ignored
    Warning (20014): Assignment for entity set_instance_assignment -name IO_STANDARD "3.3-V LVTTL" -to VGA_R[3] -entity DE10_LITE_Golden_Top was ignored
    Warning (20014): Assignment for entity set_instance_assignment -name IO_STANDARD "3.3-V LVTTL" -to VGA_VS -entity DE10_LITE_Golden_Top was ignored
    Warning (20014): Assignment for entity set_instance_assignment -name PARTITION_HIERARCHY root_partition -to | -entity DE10_LITE_Golden_Top -section_id Top was ignored
    Warning (20014): Assignment for entity set_global_assignment -name PARTITION_NETLIST_TYPE SOURCE -entity DE10_LITE_Golden_Top -section_id Top was ignored
    Warning (20014): Assignment for entity set_global_assignment -name PARTITION_FITTER_PRESERVATION_LEVEL PLACEMENT_AND_ROUTING -entity DE10_LITE_Golden_Top -section_id Top was ignored
    Warning (20014): Assignment for entity set_global_assignment -name PARTITION_PRESERVE_HIGH_SPEED_TILES ON -entity DE10_LITE_Golden_Top -section_id Top was ignored
    Warning (20014): Assignment for entity set_global_assignment -name PARTITION_IGNORE_SOURCE_FILE_CHANGES OFF -entity DE10_LITE_Golden_Top -section_id Top was ignored
    Warning (20014): Assignment for entity set_global_assignment -name PARTITION_ALWAYS_USE_QXP_NETLIST OFF -entity DE10_LITE_Golden_Top -section_id Top was ignored
    Warning (20014): Assignment for entity set_global_assignment -name PARTITION_COLOR 16764057 -entity DE10_LITE_Golden_Top -section_id Top was ignored
    Warning (20014): Assignment for entity set_global_assignment -name PARTITION_IMPORT_ASSIGNMENTS ON -entity DE10_LITE_Golden_Top -section_id Top was ignored
    Warning (20014): Assignment for entity set_global_assignment -name PARTITION_IMPORT_EXISTING_ASSIGNMENTS REPLACE_CONFLICTING -entity DE10_LITE_Golden_Top -section_id Top was ignored
    Warning (20014): Assignment for entity set_global_assignment -name PARTITION_IMPORT_EXISTING_LOGICLOCK_REGIONS UPDATE_CONFLICTING -entity DE10_LITE_Golden_Top -section_id Top was ignored
    Warning (20014): Assignment for entity set_global_assignment -name PARTITION_IMPORT_PIN_ASSIGNMENTS ON -entity DE10_LITE_Golden_Top -section_id Top was ignored
    Warning (20014): Assignment for entity set_global_assignment -name PARTITION_IMPORT_PROMOTE_ASSIGNMENTS ON -entity DE10_LITE_Golden_Top -section_id Top was ignored
    Warning (20014): Assignment for entity set_global_assignment -name PARTITION_TYPE STANDARD_PARTITION -entity DE10_LITE_Golden_Top -section_id Top was ignored
    Warning (20014): Assignment for entity set_global_assignment -name ALLOW_MULTIPLE_PERSONAS OFF -entity DE10_LITE_Golden_Top -section_id Top was ignored
    Warning (20014): Assignment for entity set_global_assignment -name PARTITION_ASD_REGION_ID 1 -entity DE10_LITE_Golden_Top -section_id Top was ignored
    Warning (20014): Assignment for entity set_global_assignment -name CROSS_BOUNDARY_OPTIMIZATIONS OFF -entity DE10_LITE_Golden_Top -section_id Top was ignored
    Warning (20014): Assignment for entity set_global_assignment -name PROPAGATE_CONSTANTS_ON_INPUTS ON -entity DE10_LITE_Golden_Top -section_id Top was ignored
    Warning (20014): Assignment for entity set_global_assignment -name PROPAGATE_INVERSIONS_ON_INPUTS ON -entity DE10_LITE_Golden_Top -section_id Top was ignored
    Warning (20014): Assignment for entity set_global_assignment -name REMOVE_LOGIC_ON_UNCONNECTED_OUTPUTS ON -entity DE10_LITE_Golden_Top -section_id Top was ignored
    Warning (20014): Assignment for entity set_global_assignment -name MERGE_EQUIVALENT_INPUTS ON -entity DE10_LITE_Golden_Top -section_id Top was ignored
    Warning (20014): Assignment for entity set_global_assignment -name MERGE_EQUIVALENT_BIDIRS ON -entity DE10_LITE_Golden_Top -section_id Top was ignored
    Warning (20014): Assignment for entity set_global_assignment -name ABSORB_PATHS_FROM_OUTPUTS_TO_INPUTS ON -entity DE10_LITE_Golden_Top -section_id Top was ignored
    Warning (20014): Assignment for entity set_global_assignment -name PARTITION_EXTRACT_HARD_BLOCK_NODES ON -entity DE10_LITE_Golden_Top -section_id Top was ignored
    Warning (20014): Assignment for entity set_global_assignment -name PARTITION_ENABLE_STRICT_PRESERVATION OFF -entity DE10_LITE_Golden_Top -section_id Top was ignored
Info (16010): Generating hard_block partition "hard_block:auto_generated_inst"
    Info (16011): Adding 0 node(s), including 0 DDIO, 0 PLL, 0 transceiver and 0 LCELL
Warning (21074): Design contains 9 input pin(s) that do not drive logic
    Warning (15610): No output dependent on input pin "SW[0]" File: C:/Users/Jackson.Hall/Desktop/ENCE_3100_Jackson_Hall/QuartusLite/DE10_Board/Projects/UART_Word_Detector/main.v Line: 7
    Warning (15610): No output dependent on input pin "SW[1]" File: C:/Users/Jackson.Hall/Desktop/ENCE_3100_Jackson_Hall/QuartusLite/DE10_Board/Projects/UART_Word_Detector/main.v Line: 7
    Warning (15610): No output dependent on input pin "SW[2]" File: C:/Users/Jackson.Hall/Desktop/ENCE_3100_Jackson_Hall/QuartusLite/DE10_Board/Projects/UART_Word_Detector/main.v Line: 7
    Warning (15610): No output dependent on input pin "SW[3]" File: C:/Users/Jackson.Hall/Desktop/ENCE_3100_Jackson_Hall/QuartusLite/DE10_Board/Projects/UART_Word_Detector/main.v Line: 7
    Warning (15610): No output dependent on input pin "SW[4]" File: C:/Users/Jackson.Hall/Desktop/ENCE_3100_Jackson_Hall/QuartusLite/DE10_Board/Projects/UART_Word_Detector/main.v Line: 7
    Warning (15610): No output dependent on input pin "SW[5]" File: C:/Users/Jackson.Hall/Desktop/ENCE_3100_Jackson_Hall/QuartusLite/DE10_Board/Projects/UART_Word_Detector/main.v Line: 7
    Warning (15610): No output dependent on input pin "SW[6]" File: C:/Users/Jackson.Hall/Desktop/ENCE_3100_Jackson_Hall/QuartusLite/DE10_Board/Projects/UART_Word_Detector/main.v Line: 7
    Warning (15610): No output dependent on input pin "SW[7]" File: C:/Users/Jackson.Hall/Desktop/ENCE_3100_Jackson_Hall/QuartusLite/DE10_Board/Projects/UART_Word_Detector/main.v Line: 7
    Warning (15610): No output dependent on input pin "SW[8]" File: C:/Users/Jackson.Hall/Desktop/ENCE_3100_Jackson_Hall/QuartusLite/DE10_Board/Projects/UART_Word_Detector/main.v Line: 7
Info (21057): Implemented 308 device resources after synthesis - the final resource count might be different
    Info (21058): Implemented 11 input pins
    Info (21059): Implemented 58 output pins
    Info (21060): Implemented 36 bidirectional pins
    Info (21061): Implemented 203 logic cells
Info: Quartus Prime Analysis & Synthesis was successful. 0 errors, 308 warnings
    Info: Peak virtual memory: 4858 megabytes
    Info: Processing ended: Tue Oct 28 00:50:02 2025
    Info: Elapsed time: 00:00:10
    Info: Total CPU time (on all processors): 00:00:21


