Flow report for main
<<<<<<< HEAD
Wed Oct 29 23:07:17 2025
=======
Tue Oct 28 14:01:29 2025
>>>>>>> 0fc0b0d6320d78bf222e50deac36bce788930f7e
Quartus Prime Version 24.1std.0 Build 1077 03/04/2025 SC Lite Edition


---------------------
; Table of Contents ;
---------------------
  1. Legal Notice
  2. Flow Summary
  3. Flow Settings
  4. Flow Non-Default Global Settings
  5. Flow Elapsed Time
  6. Flow OS Summary
  7. Flow Log
  8. Flow Messages
  9. Flow Suppressed Messages



----------------
; Legal Notice ;
----------------
Copyright (C) 2025  Altera Corporation. All rights reserved.
Your use of Altera Corporation's design tools, logic functions 
and other software and tools, and any partner logic 
functions, and any output files from any of the foregoing 
(including device programming or simulation files), and any 
associated documentation or information are expressly subject 
to the terms and conditions of the Altera Program License 
Subscription Agreement, the Altera Quartus Prime License Agreement,
the Altera IP License Agreement, or other applicable license
agreement, including, without limitation, that your use is for
the sole purpose of programming logic devices manufactured by
Altera and sold by Altera or its authorized distributors.  Please
refer to the Altera Software License Subscription Agreements 
on the Quartus Prime software download page.



+--------------------------------------------------------------------------------------+
; Flow Summary                                                                         ;
+------------------------------------+-------------------------------------------------+
<<<<<<< HEAD
; Flow Status                        ; Successful - Wed Oct 29 23:07:17 2025           ;
=======
; Flow Status                        ; Successful - Tue Oct 28 14:01:29 2025           ;
>>>>>>> 0fc0b0d6320d78bf222e50deac36bce788930f7e
; Quartus Prime Version              ; 24.1std.0 Build 1077 03/04/2025 SC Lite Edition ;
; Revision Name                      ; main                                            ;
; Top-level Entity Name              ; main                                            ;
; Family                             ; MAX 10                                          ;
; Device                             ; 10M50DAF484C7G                                  ;
; Timing Models                      ; Final                                           ;
<<<<<<< HEAD
; Total logic elements               ; 160 / 49,760 ( < 1 % )                          ;
;     Total combinational functions  ; 158 / 49,760 ( < 1 % )                          ;
;     Dedicated logic registers      ; 56 / 49,760 ( < 1 % )                           ;
; Total registers                    ; 56                                              ;
; Total pins                         ; 107 / 360 ( 30 % )                              ;
=======
; Total logic elements               ; 85 / 49,760 ( < 1 % )                           ;
;     Total combinational functions  ; 84 / 49,760 ( < 1 % )                           ;
;     Dedicated logic registers      ; 27 / 49,760 ( < 1 % )                           ;
; Total registers                    ; 27                                              ;
; Total pins                         ; 99 / 360 ( 28 % )                               ;
>>>>>>> 0fc0b0d6320d78bf222e50deac36bce788930f7e
; Total virtual pins                 ; 0                                               ;
; Total memory bits                  ; 0 / 1,677,312 ( 0 % )                           ;
; Embedded Multiplier 9-bit elements ; 0 / 288 ( 0 % )                                 ;
; Total PLLs                         ; 0 / 4 ( 0 % )                                   ;
; UFM blocks                         ; 0 / 1 ( 0 % )                                   ;
; ADC blocks                         ; 0 / 2 ( 0 % )                                   ;
+------------------------------------+-------------------------------------------------+


+-----------------------------------------+
; Flow Settings                           ;
+-------------------+---------------------+
; Option            ; Setting             ;
+-------------------+---------------------+
<<<<<<< HEAD
; Start date & time ; 10/29/2025 23:06:14 ;
=======
; Start date & time ; 10/28/2025 14:00:57 ;
>>>>>>> 0fc0b0d6320d78bf222e50deac36bce788930f7e
; Main task         ; Compilation         ;
; Revision Name     ; main                ;
+-------------------+---------------------+


+---------------------------------------------------------------------------------------------------------------------------------------------------------+
; Flow Non-Default Global Settings                                                                                                                        ;
+-------------------------------------+----------------------------------------+---------------+----------------------+-----------------------------------+
; Assignment Name                     ; Value                                  ; Default Value ; Entity Name          ; Section Id                        ;
+-------------------------------------+----------------------------------------+---------------+----------------------+-----------------------------------+
<<<<<<< HEAD
; COMPILER_SIGNATURE_ID               ; 3208882831699.176180077448216          ; --            ; --                   ; --                                ;
=======
; COMPILER_SIGNATURE_ID               ; 3208882831699.176168165746648          ; --            ; --                   ; --                                ;
>>>>>>> 0fc0b0d6320d78bf222e50deac36bce788930f7e
; EDA_GENERATE_FUNCTIONAL_NETLIST     ; Off                                    ; --            ; --                   ; eda_board_design_timing           ;
; EDA_GENERATE_FUNCTIONAL_NETLIST     ; Off                                    ; --            ; --                   ; eda_board_design_boundary_scan    ;
; EDA_GENERATE_FUNCTIONAL_NETLIST     ; Off                                    ; --            ; --                   ; eda_board_design_signal_integrity ;
; EDA_GENERATE_FUNCTIONAL_NETLIST     ; Off                                    ; --            ; --                   ; eda_board_design_symbol           ;
; EDA_OUTPUT_DATA_FORMAT              ; Verilog Hdl                            ; --            ; --                   ; eda_simulation                    ;
; EDA_SIMULATION_TOOL                 ; Questa Intel FPGA (Verilog)            ; <None>        ; --                   ; --                                ;
; EDA_TIME_SCALE                      ; 1 ps                                   ; --            ; --                   ; eda_simulation                    ;
; MAX_CORE_JUNCTION_TEMP              ; 85                                     ; --            ; --                   ; --                                ;
; MIN_CORE_JUNCTION_TEMP              ; 0                                      ; --            ; --                   ; --                                ;
<<<<<<< HEAD
; MISC_FILE                           ; my_lpm_counter_bb.v                    ; --            ; --                   ; --                                ;
=======
>>>>>>> 0fc0b0d6320d78bf222e50deac36bce788930f7e
; PARTITION_COLOR                     ; -- (Not supported for targeted family) ; --            ; DE10_LITE_Golden_Top ; Top                               ;
; PARTITION_COLOR                     ; -- (Not supported for targeted family) ; --            ; --                   ; Top                               ;
; PARTITION_FITTER_PRESERVATION_LEVEL ; -- (Not supported for targeted family) ; --            ; DE10_LITE_Golden_Top ; Top                               ;
; PARTITION_FITTER_PRESERVATION_LEVEL ; -- (Not supported for targeted family) ; --            ; --                   ; Top                               ;
; PARTITION_NETLIST_TYPE              ; -- (Not supported for targeted family) ; --            ; DE10_LITE_Golden_Top ; Top                               ;
; PARTITION_NETLIST_TYPE              ; -- (Not supported for targeted family) ; --            ; --                   ; Top                               ;
; PROJECT_OUTPUT_DIRECTORY            ; output_files                           ; --            ; --                   ; --                                ;
+-------------------------------------+----------------------------------------+---------------+----------------------+-----------------------------------+


+--------------------------------------------------------------------------------------------------------------------------+
; Flow Elapsed Time                                                                                                        ;
+----------------------+--------------+-------------------------+---------------------+------------------------------------+
; Module Name          ; Elapsed Time ; Average Processors Used ; Peak Virtual Memory ; Total CPU Time (on all processors) ;
+----------------------+--------------+-------------------------+---------------------+------------------------------------+
<<<<<<< HEAD
; Analysis & Synthesis ; 00:00:14     ; 1.0                     ; 4859 MB             ; 00:00:30                           ;
; Fitter               ; 00:00:33     ; 1.1                     ; 6295 MB             ; 00:00:35                           ;
; Assembler            ; 00:00:04     ; 1.0                     ; 4827 MB             ; 00:00:04                           ;
; Timing Analyzer      ; 00:00:04     ; 1.2                     ; 4937 MB             ; 00:00:04                           ;
; EDA Netlist Writer   ; 00:00:01     ; 1.0                     ; 4674 MB             ; 00:00:01                           ;
; Total                ; 00:00:56     ; --                      ; --                  ; 00:01:14                           ;
=======
; Analysis & Synthesis ; 00:00:08     ; 1.0                     ; 4842 MB             ; 00:00:22                           ;
; Fitter               ; 00:00:12     ; 1.0                     ; 6295 MB             ; 00:00:22                           ;
; Assembler            ; 00:00:04     ; 1.0                     ; 4827 MB             ; 00:00:03                           ;
; Timing Analyzer      ; 00:00:03     ; 1.1                     ; 4929 MB             ; 00:00:03                           ;
; EDA Netlist Writer   ; 00:00:01     ; 1.0                     ; 4674 MB             ; 00:00:01                           ;
; Total                ; 00:00:28     ; --                      ; --                  ; 00:00:51                           ;
>>>>>>> 0fc0b0d6320d78bf222e50deac36bce788930f7e
+----------------------+--------------+-------------------------+---------------------+------------------------------------+


+------------------------------------------------------------------------------------+
; Flow OS Summary                                                                    ;
+----------------------+------------------+------------+------------+----------------+
; Module Name          ; Machine Hostname ; OS Name    ; OS Version ; Processor type ;
+----------------------+------------------+------------+------------+----------------+
; Analysis & Synthesis ; JacksonLaptop    ; Windows 10 ; 10.0       ; x86_64         ;
; Fitter               ; JacksonLaptop    ; Windows 10 ; 10.0       ; x86_64         ;
; Assembler            ; JacksonLaptop    ; Windows 10 ; 10.0       ; x86_64         ;
; Timing Analyzer      ; JacksonLaptop    ; Windows 10 ; 10.0       ; x86_64         ;
; EDA Netlist Writer   ; JacksonLaptop    ; Windows 10 ; 10.0       ; x86_64         ;
+----------------------+------------------+------------+------------+----------------+


------------
; Flow Log ;
------------
quartus_map --read_settings_files=on --write_settings_files=off main -c main
quartus_fit --read_settings_files=off --write_settings_files=off main -c main
quartus_asm --read_settings_files=off --write_settings_files=off main -c main
quartus_sta main -c main
quartus_eda --read_settings_files=off --write_settings_files=off main -c main



