Assembler report for main
<<<<<<< HEAD
Wed Oct 29 23:07:10 2025
=======
Tue Oct 28 14:01:23 2025
>>>>>>> 0fc0b0d6320d78bf222e50deac36bce788930f7e
Quartus Prime Version 24.1std.0 Build 1077 03/04/2025 SC Lite Edition


---------------------
; Table of Contents ;
---------------------
  1. Legal Notice
  2. Assembler Summary
  3. Assembler Settings
  4. Assembler Generated Files
  5. Assembler Device Options: C:/Users/Jackson.Hall/Desktop/ENCE_3100_Jackson_Hall/QuartusLite/DE10_Board/Projects/Lab_8_VSM_Template/output_files/main.sof
  6. Assembler Messages



----------------
; Legal Notice ;
----------------
Copyright (C) 2025  Altera Corporation. All rights reserved.
Your use of Altera Corporation's design tools, logic functions 
and other software and tools, and any partner logic 
functions, and any output files from any of the foregoing 
(including device programming or simulation files), and any 
associated documentation or information are expressly subject 
to the terms and conditions of the Altera Program License 
Subscription Agreement, the Altera Quartus Prime License Agreement,
the Altera IP License Agreement, or other applicable license
agreement, including, without limitation, that your use is for
the sole purpose of programming logic devices manufactured by
Altera and sold by Altera or its authorized distributors.  Please
refer to the Altera Software License Subscription Agreements 
on the Quartus Prime software download page.



+---------------------------------------------------------------+
; Assembler Summary                                             ;
+-----------------------+---------------------------------------+
<<<<<<< HEAD
; Assembler Status      ; Successful - Wed Oct 29 23:07:10 2025 ;
=======
; Assembler Status      ; Successful - Tue Oct 28 14:01:23 2025 ;
>>>>>>> 0fc0b0d6320d78bf222e50deac36bce788930f7e
; Revision Name         ; main                                  ;
; Top-level Entity Name ; main                                  ;
; Family                ; MAX 10                                ;
; Device                ; 10M50DAF484C7G                        ;
+-----------------------+---------------------------------------+


+----------------------------------+
; Assembler Settings               ;
+--------+---------+---------------+
; Option ; Setting ; Default Value ;
+--------+---------+---------------+


+-------------------------------------------------------------------------------------------------------------------------------+
; Assembler Generated Files                                                                                                     ;
+-------------------------------------------------------------------------------------------------------------------------------+
; File Name                                                                                                                     ;
+-------------------------------------------------------------------------------------------------------------------------------+
; C:/Users/Jackson.Hall/Desktop/ENCE_3100_Jackson_Hall/QuartusLite/DE10_Board/Projects/Lab_8_VSM_Template/output_files/main.sof ;
+-------------------------------------------------------------------------------------------------------------------------------+


+---------------------------------------------------------------------------------------------------------------------------------------------------------+
; Assembler Device Options: C:/Users/Jackson.Hall/Desktop/ENCE_3100_Jackson_Hall/QuartusLite/DE10_Board/Projects/Lab_8_VSM_Template/output_files/main.sof ;
+----------------+----------------------------------------------------------------------------------------------------------------------------------------+
; Option         ; Setting                                                                                                                                ;
+----------------+----------------------------------------------------------------------------------------------------------------------------------------+
<<<<<<< HEAD
; JTAG usercode  ; 0x0028B671                                                                                                                             ;
; Checksum       ; 0x0028B671                                                                                                                             ;
=======
; JTAG usercode  ; 0x0028173A                                                                                                                             ;
; Checksum       ; 0x0028173A                                                                                                                             ;
>>>>>>> 0fc0b0d6320d78bf222e50deac36bce788930f7e
+----------------+----------------------------------------------------------------------------------------------------------------------------------------+


+--------------------+
; Assembler Messages ;
+--------------------+
Info: *******************************************************************
Info: Running Quartus Prime Assembler
    Info: Version 24.1std.0 Build 1077 03/04/2025 SC Lite Edition
<<<<<<< HEAD
    Info: Processing started: Wed Oct 29 23:07:06 2025
=======
    Info: Processing started: Tue Oct 28 14:01:19 2025
>>>>>>> 0fc0b0d6320d78bf222e50deac36bce788930f7e
Info: Command: quartus_asm --read_settings_files=off --write_settings_files=off main -c main
Warning (18236): Number of processors has not been specified which may cause overloading on shared machines.  Set the global assignment NUM_PARALLEL_PROCESSORS in your QSF to an appropriate value for best performance.
Info (115031): Writing out detailed assembly data for power analysis
Info (115030): Assembler is generating device programming files
Info: Quartus Prime Assembler was successful. 0 errors, 1 warning
    Info: Peak virtual memory: 4828 megabytes
<<<<<<< HEAD
    Info: Processing ended: Wed Oct 29 23:07:10 2025
    Info: Elapsed time: 00:00:04
    Info: Total CPU time (on all processors): 00:00:04
=======
    Info: Processing ended: Tue Oct 28 14:01:23 2025
    Info: Elapsed time: 00:00:04
    Info: Total CPU time (on all processors): 00:00:03
>>>>>>> 0fc0b0d6320d78bf222e50deac36bce788930f7e


