Analysis & Synthesis report for main
Tue Oct  7 11:35:36 2025
Quartus Prime Version 24.1std.0 Build 1077 03/04/2025 SC Lite Edition


---------------------
; Table of Contents ;
---------------------
  1. Legal Notice
  2. Analysis & Synthesis Summary
  3. Analysis & Synthesis Settings
  4. Parallel Compilation
  5. Analysis & Synthesis Source Files Read
  6. Analysis & Synthesis Resource Usage Summary
  7. Analysis & Synthesis Resource Utilization by Entity
  8. Registers Removed During Synthesis
  9. Removed Registers Triggering Further Register Optimizations
 10. General Register Statistics
 11. Multiplexer Restructuring Statistics (Restructuring Performed)
 12. Parameter Settings for User Entity Instance: debounce:u_db
 13. Parameter Settings for User Entity Instance: reg_nbit:REG_A
 14. Parameter Settings for User Entity Instance: reg_nbit:REG_B
 15. Parameter Settings for User Entity Instance: multiplier_8x8:MT_8by8|adder_nbit:add0
 16. Parameter Settings for User Entity Instance: multiplier_8x8:MT_8by8|adder_nbit:add1
 17. Parameter Settings for User Entity Instance: multiplier_8x8:MT_8by8|adder_nbit:add2
 18. Parameter Settings for User Entity Instance: multiplier_8x8:MT_8by8|adder_nbit:add3
 19. Parameter Settings for User Entity Instance: multiplier_8x8:MT_8by8|adder_nbit:add4
 20. Parameter Settings for User Entity Instance: multiplier_8x8:MT_8by8|adder_nbit:add5
 21. Parameter Settings for User Entity Instance: multiplier_8x8:MT_8by8|adder_nbit:add6
 22. Parameter Settings for User Entity Instance: reg_nbit:REG_P
 23. Port Connectivity Checks: "multiplier_8x8:MT_8by8|adder_nbit:add6"
 24. Port Connectivity Checks: "multiplier_8x8:MT_8by8|adder_nbit:add5"
 25. Port Connectivity Checks: "multiplier_8x8:MT_8by8|adder_nbit:add4"
 26. Port Connectivity Checks: "multiplier_8x8:MT_8by8|adder_nbit:add3"
 27. Port Connectivity Checks: "multiplier_8x8:MT_8by8|adder_nbit:add2"
 28. Port Connectivity Checks: "multiplier_8x8:MT_8by8|adder_nbit:add1"
 29. Port Connectivity Checks: "multiplier_8x8:MT_8by8|adder_nbit:add0"
 30. Port Connectivity Checks: "reg_nbit:REG_A"
 31. Port Connectivity Checks: "debounce:u_db"
 32. Post-Synthesis Netlist Statistics for Top Partition
 33. Elapsed Time Per Partition
 34. Analysis & Synthesis Messages



----------------
; Legal Notice ;
----------------
Copyright (C) 2025  Altera Corporation. All rights reserved.
Your use of Altera Corporation's design tools, logic functions 
and other software and tools, and any partner logic 
functions, and any output files from any of the foregoing 
(including device programming or simulation files), and any 
associated documentation or information are expressly subject 
to the terms and conditions of the Altera Program License 
Subscription Agreement, the Altera Quartus Prime License Agreement,
the Altera IP License Agreement, or other applicable license
agreement, including, without limitation, that your use is for
the sole purpose of programming logic devices manufactured by
Altera and sold by Altera or its authorized distributors.  Please
refer to the Altera Software License Subscription Agreements 
on the Quartus Prime software download page.



+--------------------------------------------------------------------------------------+
; Analysis & Synthesis Summary                                                         ;
+------------------------------------+-------------------------------------------------+
; Analysis & Synthesis Status        ; Successful - Tue Oct  7 11:35:36 2025           ;
; Quartus Prime Version              ; 24.1std.0 Build 1077 03/04/2025 SC Lite Edition ;
; Revision Name                      ; main                                            ;
; Top-level Entity Name              ; main                                            ;
; Family                             ; MAX 10                                          ;
; Total logic elements               ; 235                                             ;
;     Total combinational functions  ; 233                                             ;
;     Dedicated logic registers      ; 44                                              ;
; Total registers                    ; 44                                              ;
; Total pins                         ; 71                                              ;
; Total virtual pins                 ; 0                                               ;
; Total memory bits                  ; 0                                               ;
; Embedded Multiplier 9-bit elements ; 0                                               ;
; Total PLLs                         ; 0                                               ;
; UFM blocks                         ; 0                                               ;
; ADC blocks                         ; 0                                               ;
+------------------------------------+-------------------------------------------------+


+------------------------------------------------------------------------------------------------------------+
; Analysis & Synthesis Settings                                                                              ;
+------------------------------------------------------------------+--------------------+--------------------+
; Option                                                           ; Setting            ; Default Value      ;
+------------------------------------------------------------------+--------------------+--------------------+
; Device                                                           ; 10M50DAF484C7G     ;                    ;
; Top-level entity name                                            ; main               ; main               ;
; Family name                                                      ; MAX 10             ; Cyclone V          ;
; Use smart compilation                                            ; Off                ; Off                ;
; Enable parallel Assembler and Timing Analyzer during compilation ; On                 ; On                 ;
; Enable compact report table                                      ; Off                ; Off                ;
; Restructure Multiplexers                                         ; Auto               ; Auto               ;
; Create Debugging Nodes for IP Cores                              ; Off                ; Off                ;
; Preserve fewer node names                                        ; On                 ; On                 ;
; Intel FPGA IP Evaluation Mode                                    ; Enable             ; Enable             ;
; Verilog Version                                                  ; Verilog_2001       ; Verilog_2001       ;
; VHDL Version                                                     ; VHDL_1993          ; VHDL_1993          ;
; State Machine Processing                                         ; Auto               ; Auto               ;
; Safe State Machine                                               ; Off                ; Off                ;
; Extract Verilog State Machines                                   ; On                 ; On                 ;
; Extract VHDL State Machines                                      ; On                 ; On                 ;
; Ignore Verilog initial constructs                                ; Off                ; Off                ;
; Iteration limit for constant Verilog loops                       ; 5000               ; 5000               ;
; Iteration limit for non-constant Verilog loops                   ; 250                ; 250                ;
; Add Pass-Through Logic to Inferred RAMs                          ; On                 ; On                 ;
; Infer RAMs from Raw Logic                                        ; On                 ; On                 ;
; Parallel Synthesis                                               ; On                 ; On                 ;
; DSP Block Balancing                                              ; Auto               ; Auto               ;
; NOT Gate Push-Back                                               ; On                 ; On                 ;
; Power-Up Don't Care                                              ; On                 ; On                 ;
; Remove Redundant Logic Cells                                     ; Off                ; Off                ;
; Remove Duplicate Registers                                       ; On                 ; On                 ;
; Ignore CARRY Buffers                                             ; Off                ; Off                ;
; Ignore CASCADE Buffers                                           ; Off                ; Off                ;
; Ignore GLOBAL Buffers                                            ; Off                ; Off                ;
; Ignore ROW GLOBAL Buffers                                        ; Off                ; Off                ;
; Ignore LCELL Buffers                                             ; Off                ; Off                ;
; Ignore SOFT Buffers                                              ; On                 ; On                 ;
; Limit AHDL Integers to 32 Bits                                   ; Off                ; Off                ;
; Optimization Technique                                           ; Balanced           ; Balanced           ;
; Carry Chain Length                                               ; 70                 ; 70                 ;
; Auto Carry Chains                                                ; On                 ; On                 ;
; Auto Open-Drain Pins                                             ; On                 ; On                 ;
; Perform WYSIWYG Primitive Resynthesis                            ; Off                ; Off                ;
; Auto ROM Replacement                                             ; On                 ; On                 ;
; Auto RAM Replacement                                             ; On                 ; On                 ;
; Auto DSP Block Replacement                                       ; On                 ; On                 ;
; Auto Shift Register Replacement                                  ; Auto               ; Auto               ;
; Allow Shift Register Merging across Hierarchies                  ; Auto               ; Auto               ;
; Auto Clock Enable Replacement                                    ; On                 ; On                 ;
; Strict RAM Replacement                                           ; Off                ; Off                ;
; Allow Synchronous Control Signals                                ; On                 ; On                 ;
; Force Use of Synchronous Clear Signals                           ; Off                ; Off                ;
; Auto RAM Block Balancing                                         ; On                 ; On                 ;
; Auto RAM to Logic Cell Conversion                                ; Off                ; Off                ;
; Auto Resource Sharing                                            ; Off                ; Off                ;
; Allow Any RAM Size For Recognition                               ; Off                ; Off                ;
; Allow Any ROM Size For Recognition                               ; Off                ; Off                ;
; Allow Any Shift Register Size For Recognition                    ; Off                ; Off                ;
; Use LogicLock Constraints during Resource Balancing              ; On                 ; On                 ;
; Ignore translate_off and synthesis_off directives                ; Off                ; Off                ;
; Timing-Driven Synthesis                                          ; On                 ; On                 ;
; Report Parameter Settings                                        ; On                 ; On                 ;
; Report Source Assignments                                        ; On                 ; On                 ;
; Report Connectivity Checks                                       ; On                 ; On                 ;
; Ignore Maximum Fan-Out Assignments                               ; Off                ; Off                ;
; Synchronization Register Chain Length                            ; 2                  ; 2                  ;
; Power Optimization During Synthesis                              ; Normal compilation ; Normal compilation ;
; HDL message level                                                ; Level2             ; Level2             ;
; Suppress Register Optimization Related Messages                  ; Off                ; Off                ;
; Number of Removed Registers Reported in Synthesis Report         ; 5000               ; 5000               ;
; Number of Swept Nodes Reported in Synthesis Report               ; 5000               ; 5000               ;
; Number of Inverted Registers Reported in Synthesis Report        ; 100                ; 100                ;
; Clock MUX Protection                                             ; On                 ; On                 ;
; Auto Gated Clock Conversion                                      ; Off                ; Off                ;
; Block Design Naming                                              ; Auto               ; Auto               ;
; SDC constraint protection                                        ; Off                ; Off                ;
; Synthesis Effort                                                 ; Auto               ; Auto               ;
; Shift Register Replacement - Allow Asynchronous Clear Signal     ; On                 ; On                 ;
; Pre-Mapping Resynthesis Optimization                             ; Off                ; Off                ;
; Analysis & Synthesis Message Level                               ; Medium             ; Medium             ;
; Disable Register Merging Across Hierarchies                      ; Auto               ; Auto               ;
; Resource Aware Inference For Block RAM                           ; On                 ; On                 ;
+------------------------------------------------------------------+--------------------+--------------------+


+------------------------------------------+
; Parallel Compilation                     ;
+----------------------------+-------------+
; Processors                 ; Number      ;
+----------------------------+-------------+
; Number detected on machine ; 16          ;
; Maximum allowed            ; 12          ;
;                            ;             ;
; Average used               ; 1.00        ;
; Maximum used               ; 12          ;
;                            ;             ;
; Usage by Processor         ; % Time Used ;
;     Processor 1            ; 100.0%      ;
;     Processors 2-12        ;   0.0%      ;
+----------------------------+-------------+


+-----------------------------------------------------------------------------------------------------------------------------------------------------------------------------------+
; Analysis & Synthesis Source Files Read                                                                                                                                            ;
+----------------------------------+-----------------+------------------------------+-------------------------------------------------------------------------------------+---------+
; File Name with User-Entered Path ; Used in Netlist ; File Type                    ; File Name with Absolute Path                                                        ; Library ;
+----------------------------------+-----------------+------------------------------+-------------------------------------------------------------------------------------+---------+
; main.v                           ; yes             ; User Verilog HDL File        ; C:/Users/Jackson.Hall/Desktop/QuartusLite/DE10_Board/Projects/Lab5/main.v           ;         ;
; debounce.v                       ; yes             ; User Verilog HDL File        ; C:/Users/Jackson.Hall/Desktop/QuartusLite/DE10_Board/Projects/Lab5/debounce.v       ;         ;
; multiplier_8x8.v                 ; yes             ; User Verilog HDL File        ; C:/Users/Jackson.Hall/Desktop/QuartusLite/DE10_Board/Projects/Lab5/multiplier_8x8.v ;         ;
; adder_nbit.v                     ; yes             ; User Verilog HDL File        ; C:/Users/Jackson.Hall/Desktop/QuartusLite/DE10_Board/Projects/Lab5/adder_nbit.v     ;         ;
; bin16_to_bcd.v                   ; yes             ; User Verilog HDL File        ; C:/Users/Jackson.Hall/Desktop/QuartusLite/DE10_Board/Projects/Lab5/bin16_to_bcd.v   ;         ;
; reg_nbit.v                       ; yes             ; Auto-Found Verilog HDL File  ; C:/Users/Jackson.Hall/Desktop/QuartusLite/DE10_Board/Projects/Lab5/reg_nbit.v       ;         ;
; seg7decoder.v                    ; yes             ; Auto-Found Verilog HDL File  ; C:/Users/Jackson.Hall/Desktop/QuartusLite/DE10_Board/Projects/Lab5/seg7decoder.v    ;         ;
+----------------------------------+-----------------+------------------------------+-------------------------------------------------------------------------------------+---------+


+--------------------------------------------------------------------------+
; Analysis & Synthesis Resource Usage Summary                              ;
+---------------------------------------------+----------------------------+
; Resource                                    ; Usage                      ;
+---------------------------------------------+----------------------------+
; Estimated Total logic elements              ; 235                        ;
;                                             ;                            ;
; Total combinational functions               ; 233                        ;
; Logic element usage by number of LUT inputs ;                            ;
;     -- 4 input functions                    ; 141                        ;
;     -- 3 input functions                    ; 34                         ;
;     -- <=2 input functions                  ; 58                         ;
;                                             ;                            ;
; Logic elements by mode                      ;                            ;
;     -- normal mode                          ; 188                        ;
;     -- arithmetic mode                      ; 45                         ;
;                                             ;                            ;
; Total registers                             ; 44                         ;
;     -- Dedicated logic registers            ; 44                         ;
;     -- I/O registers                        ; 0                          ;
;                                             ;                            ;
; I/O pins                                    ; 71                         ;
;                                             ;                            ;
; Embedded Multiplier 9-bit elements          ; 0                          ;
;                                             ;                            ;
; Maximum fan-out node                        ; debounce:u_db|stable_state ;
; Maximum fan-out                             ; 24                         ;
; Total fan-out                               ; 994                        ;
; Average fan-out                             ; 2.37                       ;
+---------------------------------------------+----------------------------+


+-----------------------------------------------------------------------------------------------------------------------------------------------------------------------------------------------------------------------------------------------------------------+
; Analysis & Synthesis Resource Utilization by Entity                                                                                                                                                                                                             ;
+-----------------------------+---------------------+---------------------------+-------------+------------+--------------+---------+-----------+------+--------------+------------+----------------------------------------------+----------------+--------------+
; Compilation Hierarchy Node  ; Combinational ALUTs ; Dedicated Logic Registers ; Memory Bits ; UFM Blocks ; DSP Elements ; DSP 9x9 ; DSP 18x18 ; Pins ; Virtual Pins ; ADC blocks ; Full Hierarchy Name                          ; Entity Name    ; Library Name ;
+-----------------------------+---------------------+---------------------------+-------------+------------+--------------+---------+-----------+------+--------------+------------+----------------------------------------------+----------------+--------------+
; |main                       ; 233 (0)             ; 44 (0)                    ; 0           ; 0          ; 0            ; 0       ; 0         ; 71   ; 0            ; 0          ; |main                                        ; main           ; work         ;
;    |bin16_to_bcd:u_b2b|     ; 114 (114)           ; 0 (0)                     ; 0           ; 0          ; 0            ; 0       ; 0         ; 0    ; 0            ; 0          ; |main|bin16_to_bcd:u_b2b                     ; bin16_to_bcd   ; work         ;
;    |debounce:u_db|          ; 27 (27)             ; 22 (22)                   ; 0           ; 0          ; 0            ; 0       ; 0         ; 0    ; 0            ; 0          ; |main|debounce:u_db                          ; debounce       ; work         ;
;    |multiplier_8x8:MT_8by8| ; 37 (8)              ; 0 (0)                     ; 0           ; 0          ; 0            ; 0       ; 0         ; 0    ; 0            ; 0          ; |main|multiplier_8x8:MT_8by8                 ; multiplier_8x8 ; work         ;
;       |adder_nbit:add0|     ; 2 (2)               ; 0 (0)                     ; 0           ; 0          ; 0            ; 0       ; 0         ; 0    ; 0            ; 0          ; |main|multiplier_8x8:MT_8by8|adder_nbit:add0 ; adder_nbit     ; work         ;
;       |adder_nbit:add1|     ; 3 (3)               ; 0 (0)                     ; 0           ; 0          ; 0            ; 0       ; 0         ; 0    ; 0            ; 0          ; |main|multiplier_8x8:MT_8by8|adder_nbit:add1 ; adder_nbit     ; work         ;
;       |adder_nbit:add2|     ; 6 (6)               ; 0 (0)                     ; 0           ; 0          ; 0            ; 0       ; 0         ; 0    ; 0            ; 0          ; |main|multiplier_8x8:MT_8by8|adder_nbit:add2 ; adder_nbit     ; work         ;
;       |adder_nbit:add3|     ; 6 (6)               ; 0 (0)                     ; 0           ; 0          ; 0            ; 0       ; 0         ; 0    ; 0            ; 0          ; |main|multiplier_8x8:MT_8by8|adder_nbit:add3 ; adder_nbit     ; work         ;
;       |adder_nbit:add4|     ; 6 (6)               ; 0 (0)                     ; 0           ; 0          ; 0            ; 0       ; 0         ; 0    ; 0            ; 0          ; |main|multiplier_8x8:MT_8by8|adder_nbit:add4 ; adder_nbit     ; work         ;
;       |adder_nbit:add5|     ; 6 (6)               ; 0 (0)                     ; 0           ; 0          ; 0            ; 0       ; 0         ; 0    ; 0            ; 0          ; |main|multiplier_8x8:MT_8by8|adder_nbit:add5 ; adder_nbit     ; work         ;
;    |reg_nbit:REG_A|         ; 1 (1)               ; 1 (1)                     ; 0           ; 0          ; 0            ; 0       ; 0         ; 0    ; 0            ; 0          ; |main|reg_nbit:REG_A                         ; reg_nbit       ; work         ;
;    |reg_nbit:REG_B|         ; 8 (8)               ; 8 (8)                     ; 0           ; 0          ; 0            ; 0       ; 0         ; 0    ; 0            ; 0          ; |main|reg_nbit:REG_B                         ; reg_nbit       ; work         ;
;    |reg_nbit:REG_P|         ; 13 (13)             ; 13 (13)                   ; 0           ; 0          ; 0            ; 0       ; 0         ; 0    ; 0            ; 0          ; |main|reg_nbit:REG_P                         ; reg_nbit       ; work         ;
;    |seg7Decoder:SEG_H|      ; 7 (7)               ; 0 (0)                     ; 0           ; 0          ; 0            ; 0       ; 0         ; 0    ; 0            ; 0          ; |main|seg7Decoder:SEG_H                      ; seg7Decoder    ; work         ;
;    |seg7Decoder:SEG_O|      ; 5 (5)               ; 0 (0)                     ; 0           ; 0          ; 0            ; 0       ; 0         ; 0    ; 0            ; 0          ; |main|seg7Decoder:SEG_O                      ; seg7Decoder    ; work         ;
;    |seg7Decoder:SEG_TH|     ; 7 (7)               ; 0 (0)                     ; 0           ; 0          ; 0            ; 0       ; 0         ; 0    ; 0            ; 0          ; |main|seg7Decoder:SEG_TH                     ; seg7Decoder    ; work         ;
;    |seg7Decoder:SEG_TTH|    ; 7 (7)               ; 0 (0)                     ; 0           ; 0          ; 0            ; 0       ; 0         ; 0    ; 0            ; 0          ; |main|seg7Decoder:SEG_TTH                    ; seg7Decoder    ; work         ;
;    |seg7Decoder:SEG_T|      ; 7 (7)               ; 0 (0)                     ; 0           ; 0          ; 0            ; 0       ; 0         ; 0    ; 0            ; 0          ; |main|seg7Decoder:SEG_T                      ; seg7Decoder    ; work         ;
+-----------------------------+---------------------+---------------------------+-------------+------------+--------------+---------+-----------+------+--------------+------------+----------------------------------------------+----------------+--------------+
Note: For table entries with two numbers listed, the numbers in parentheses indicate the number of resources of the given type used by the specific entity alone. The numbers listed outside of parentheses indicate the total resources of the given type used by the specific entity and all of its sub-entities in the hierarchy.


+---------------------------------------------------------------------------------+
; Registers Removed During Synthesis                                              ;
+----------------------------------------+----------------------------------------+
; Register name                          ; Reason for Removal                     ;
+----------------------------------------+----------------------------------------+
; reg_nbit:REG_A|o_Q[0,1,3,4,7]          ; Stuck at GND due to stuck port data_in ;
; reg_nbit:REG_P|o_Q[0,1,15]             ; Stuck at GND due to stuck port data_in ;
; reg_nbit:REG_A|o_Q[5,6]                ; Merged with reg_nbit:REG_A|o_Q[2]      ;
; Total Number of Removed Registers = 10 ;                                        ;
+----------------------------------------+----------------------------------------+


+--------------------------------------------------------------------------------------------+
; Removed Registers Triggering Further Register Optimizations                                ;
+-----------------------+---------------------------+----------------------------------------+
; Register name         ; Reason for Removal        ; Registers Removed due to This Register ;
+-----------------------+---------------------------+----------------------------------------+
; reg_nbit:REG_A|o_Q[0] ; Stuck at GND              ; reg_nbit:REG_P|o_Q[0]                  ;
;                       ; due to stuck port data_in ;                                        ;
+-----------------------+---------------------------+----------------------------------------+


+------------------------------------------------------+
; General Register Statistics                          ;
+----------------------------------------------+-------+
; Statistic                                    ; Value ;
+----------------------------------------------+-------+
; Total registers                              ; 44    ;
; Number of registers using Synchronous Clear  ; 25    ;
; Number of registers using Synchronous Load   ; 0     ;
; Number of registers using Asynchronous Clear ; 0     ;
; Number of registers using Asynchronous Load  ; 0     ;
; Number of registers using Clock Enable       ; 0     ;
; Number of registers using Preset             ; 0     ;
+----------------------------------------------+-------+


+-------------------------------------------------------------------------------------------------------------------------------------------+
; Multiplexer Restructuring Statistics (Restructuring Performed)                                                                            ;
+--------------------+-----------+---------------+----------------------+------------------------+------------+-----------------------------+
; Multiplexer Inputs ; Bus Width ; Baseline Area ; Area if Restructured ; Saving if Restructured ; Registered ; Example Multiplexer Output  ;
+--------------------+-----------+---------------+----------------------+------------------------+------------+-----------------------------+
; 3:1                ; 19 bits   ; 38 LEs        ; 19 LEs               ; 19 LEs                 ; Yes        ; |main|debounce:u_db|cnt[17] ;
+--------------------+-----------+---------------+----------------------+------------------------+------------+-----------------------------+


+------------------------------------------------------------+
; Parameter Settings for User Entity Instance: debounce:u_db ;
+----------------+----------+--------------------------------+
; Parameter Name ; Value    ; Type                           ;
+----------------+----------+--------------------------------+
; CLK_HZ         ; 50000000 ; Signed Integer                 ;
; DEBOUNCE_MS    ; 10       ; Signed Integer                 ;
+----------------+----------+--------------------------------+
Note: In order to hide this table in the UI and the text report file, please set the "Show Parameter Settings in Synthesis Report" option in "Analysis and Synthesis Settings -> More Settings" to "Off".


+-------------------------------------------------------------+
; Parameter Settings for User Entity Instance: reg_nbit:REG_A ;
+----------------+-------+------------------------------------+
; Parameter Name ; Value ; Type                               ;
+----------------+-------+------------------------------------+
; N              ; 8     ; Signed Integer                     ;
+----------------+-------+------------------------------------+
Note: In order to hide this table in the UI and the text report file, please set the "Show Parameter Settings in Synthesis Report" option in "Analysis and Synthesis Settings -> More Settings" to "Off".


+-------------------------------------------------------------+
; Parameter Settings for User Entity Instance: reg_nbit:REG_B ;
+----------------+-------+------------------------------------+
; Parameter Name ; Value ; Type                               ;
+----------------+-------+------------------------------------+
; N              ; 8     ; Signed Integer                     ;
+----------------+-------+------------------------------------+
Note: In order to hide this table in the UI and the text report file, please set the "Show Parameter Settings in Synthesis Report" option in "Analysis and Synthesis Settings -> More Settings" to "Off".


+-------------------------------------------------------------------------------------+
; Parameter Settings for User Entity Instance: multiplier_8x8:MT_8by8|adder_nbit:add0 ;
+----------------+-------+------------------------------------------------------------+
; Parameter Name ; Value ; Type                                                       ;
+----------------+-------+------------------------------------------------------------+
; N              ; 8     ; Signed Integer                                             ;
+----------------+-------+------------------------------------------------------------+
Note: In order to hide this table in the UI and the text report file, please set the "Show Parameter Settings in Synthesis Report" option in "Analysis and Synthesis Settings -> More Settings" to "Off".


+-------------------------------------------------------------------------------------+
; Parameter Settings for User Entity Instance: multiplier_8x8:MT_8by8|adder_nbit:add1 ;
+----------------+-------+------------------------------------------------------------+
; Parameter Name ; Value ; Type                                                       ;
+----------------+-------+------------------------------------------------------------+
; N              ; 8     ; Signed Integer                                             ;
+----------------+-------+------------------------------------------------------------+
Note: In order to hide this table in the UI and the text report file, please set the "Show Parameter Settings in Synthesis Report" option in "Analysis and Synthesis Settings -> More Settings" to "Off".


+-------------------------------------------------------------------------------------+
; Parameter Settings for User Entity Instance: multiplier_8x8:MT_8by8|adder_nbit:add2 ;
+----------------+-------+------------------------------------------------------------+
; Parameter Name ; Value ; Type                                                       ;
+----------------+-------+------------------------------------------------------------+
; N              ; 8     ; Signed Integer                                             ;
+----------------+-------+------------------------------------------------------------+
Note: In order to hide this table in the UI and the text report file, please set the "Show Parameter Settings in Synthesis Report" option in "Analysis and Synthesis Settings -> More Settings" to "Off".


+-------------------------------------------------------------------------------------+
; Parameter Settings for User Entity Instance: multiplier_8x8:MT_8by8|adder_nbit:add3 ;
+----------------+-------+------------------------------------------------------------+
; Parameter Name ; Value ; Type                                                       ;
+----------------+-------+------------------------------------------------------------+
; N              ; 8     ; Signed Integer                                             ;
+----------------+-------+------------------------------------------------------------+
Note: In order to hide this table in the UI and the text report file, please set the "Show Parameter Settings in Synthesis Report" option in "Analysis and Synthesis Settings -> More Settings" to "Off".


+-------------------------------------------------------------------------------------+
; Parameter Settings for User Entity Instance: multiplier_8x8:MT_8by8|adder_nbit:add4 ;
+----------------+-------+------------------------------------------------------------+
; Parameter Name ; Value ; Type                                                       ;
+----------------+-------+------------------------------------------------------------+
; N              ; 8     ; Signed Integer                                             ;
+----------------+-------+------------------------------------------------------------+
Note: In order to hide this table in the UI and the text report file, please set the "Show Parameter Settings in Synthesis Report" option in "Analysis and Synthesis Settings -> More Settings" to "Off".


+-------------------------------------------------------------------------------------+
; Parameter Settings for User Entity Instance: multiplier_8x8:MT_8by8|adder_nbit:add5 ;
+----------------+-------+------------------------------------------------------------+
; Parameter Name ; Value ; Type                                                       ;
+----------------+-------+------------------------------------------------------------+
; N              ; 8     ; Signed Integer                                             ;
+----------------+-------+------------------------------------------------------------+
Note: In order to hide this table in the UI and the text report file, please set the "Show Parameter Settings in Synthesis Report" option in "Analysis and Synthesis Settings -> More Settings" to "Off".


+-------------------------------------------------------------------------------------+
; Parameter Settings for User Entity Instance: multiplier_8x8:MT_8by8|adder_nbit:add6 ;
+----------------+-------+------------------------------------------------------------+
; Parameter Name ; Value ; Type                                                       ;
+----------------+-------+------------------------------------------------------------+
; N              ; 8     ; Signed Integer                                             ;
+----------------+-------+------------------------------------------------------------+
Note: In order to hide this table in the UI and the text report file, please set the "Show Parameter Settings in Synthesis Report" option in "Analysis and Synthesis Settings -> More Settings" to "Off".


+-------------------------------------------------------------+
; Parameter Settings for User Entity Instance: reg_nbit:REG_P ;
+----------------+-------+------------------------------------+
; Parameter Name ; Value ; Type                               ;
+----------------+-------+------------------------------------+
; N              ; 16    ; Signed Integer                     ;
+----------------+-------+------------------------------------+
Note: In order to hide this table in the UI and the text report file, please set the "Show Parameter Settings in Synthesis Report" option in "Analysis and Synthesis Settings -> More Settings" to "Off".


+--------------------------------------------------------------------+
; Port Connectivity Checks: "multiplier_8x8:MT_8by8|adder_nbit:add6" ;
+-------+-------+----------+-----------------------------------------+
; Port  ; Type  ; Severity ; Details                                 ;
+-------+-------+----------+-----------------------------------------+
; i_cin ; Input ; Info     ; Stuck at GND                            ;
+-------+-------+----------+-----------------------------------------+


+--------------------------------------------------------------------+
; Port Connectivity Checks: "multiplier_8x8:MT_8by8|adder_nbit:add5" ;
+-------+-------+----------+-----------------------------------------+
; Port  ; Type  ; Severity ; Details                                 ;
+-------+-------+----------+-----------------------------------------+
; i_cin ; Input ; Info     ; Stuck at GND                            ;
+-------+-------+----------+-----------------------------------------+


+--------------------------------------------------------------------+
; Port Connectivity Checks: "multiplier_8x8:MT_8by8|adder_nbit:add4" ;
+-------+-------+----------+-----------------------------------------+
; Port  ; Type  ; Severity ; Details                                 ;
+-------+-------+----------+-----------------------------------------+
; i_cin ; Input ; Info     ; Stuck at GND                            ;
+-------+-------+----------+-----------------------------------------+


+--------------------------------------------------------------------+
; Port Connectivity Checks: "multiplier_8x8:MT_8by8|adder_nbit:add3" ;
+-------+-------+----------+-----------------------------------------+
; Port  ; Type  ; Severity ; Details                                 ;
+-------+-------+----------+-----------------------------------------+
; i_cin ; Input ; Info     ; Stuck at GND                            ;
+-------+-------+----------+-----------------------------------------+


+--------------------------------------------------------------------+
; Port Connectivity Checks: "multiplier_8x8:MT_8by8|adder_nbit:add2" ;
+-------+-------+----------+-----------------------------------------+
; Port  ; Type  ; Severity ; Details                                 ;
+-------+-------+----------+-----------------------------------------+
; i_cin ; Input ; Info     ; Stuck at GND                            ;
+-------+-------+----------+-----------------------------------------+


+--------------------------------------------------------------------+
; Port Connectivity Checks: "multiplier_8x8:MT_8by8|adder_nbit:add1" ;
+-------+-------+----------+-----------------------------------------+
; Port  ; Type  ; Severity ; Details                                 ;
+-------+-------+----------+-----------------------------------------+
; i_cin ; Input ; Info     ; Stuck at GND                            ;
+-------+-------+----------+-----------------------------------------+


+--------------------------------------------------------------------+
; Port Connectivity Checks: "multiplier_8x8:MT_8by8|adder_nbit:add0" ;
+--------+-------+----------+----------------------------------------+
; Port   ; Type  ; Severity ; Details                                ;
+--------+-------+----------+----------------------------------------+
; i_a[7] ; Input ; Info     ; Stuck at GND                           ;
; i_cin  ; Input ; Info     ; Stuck at GND                           ;
+--------+-------+----------+----------------------------------------+


+---------------------------------------------+
; Port Connectivity Checks: "reg_nbit:REG_A"  ;
+-----------+-------+----------+--------------+
; Port      ; Type  ; Severity ; Details      ;
+-----------+-------+----------+--------------+
; i_R[6..5] ; Input ; Info     ; Stuck at VCC ;
; i_R[4..3] ; Input ; Info     ; Stuck at GND ;
; i_R[1..0] ; Input ; Info     ; Stuck at GND ;
; i_R[7]    ; Input ; Info     ; Stuck at GND ;
; i_R[2]    ; Input ; Info     ; Stuck at VCC ;
+-----------+-------+----------+--------------+


+-----------------------------------------------------------+
; Port Connectivity Checks: "debounce:u_db"                 ;
+--------------+--------+----------+------------------------+
; Port         ; Type   ; Severity ; Details                ;
+--------------+--------+----------+------------------------+
; rst          ; Input  ; Info     ; Stuck at GND           ;
; btn_pressed  ; Output ; Info     ; Explicitly unconnected ;
; btn_released ; Output ; Info     ; Explicitly unconnected ;
+--------------+--------+----------+------------------------+


+-----------------------------------------------------+
; Post-Synthesis Netlist Statistics for Top Partition ;
+-----------------------+-----------------------------+
; Type                  ; Count                       ;
+-----------------------+-----------------------------+
; boundary_port         ; 71                          ;
; cycloneiii_ff         ; 44                          ;
;     SCLR              ; 25                          ;
;     plain             ; 19                          ;
; cycloneiii_lcell_comb ; 242                         ;
;     arith             ; 45                          ;
;         2 data inputs ; 27                          ;
;         3 data inputs ; 18                          ;
;     normal            ; 197                         ;
;         0 data inputs ; 8                           ;
;         1 data inputs ; 9                           ;
;         2 data inputs ; 23                          ;
;         3 data inputs ; 16                          ;
;         4 data inputs ; 141                         ;
;                       ;                             ;
; Max LUT depth         ; 14.00                       ;
; Average LUT depth     ; 8.51                        ;
+-----------------------+-----------------------------+


+-------------------------------+
; Elapsed Time Per Partition    ;
+----------------+--------------+
; Partition Name ; Elapsed Time ;
+----------------+--------------+
; Top            ; 00:00:02     ;
+----------------+--------------+


+-------------------------------+
; Analysis & Synthesis Messages ;
+-------------------------------+
Info: *******************************************************************
Info: Running Quartus Prime Analysis & Synthesis
    Info: Version 24.1std.0 Build 1077 03/04/2025 SC Lite Edition
    Info: Processing started: Tue Oct  7 11:35:24 2025
Info: Command: quartus_map --read_settings_files=on --write_settings_files=off main -c main
Warning (125092): Tcl Script File Counter_LPM.qip not found
    Info (125063): set_global_assignment -name QIP_FILE Counter_LPM.qip
Warning (18236): Number of processors has not been specified which may cause overloading on shared machines.  Set the global assignment NUM_PARALLEL_PROCESSORS in your QSF to an appropriate value for best performance.
Info (20030): Parallel compilation is enabled and will use 12 of the 12 processors detected
Info (12021): Found 1 design units, including 1 entities, in source file main.v
    Info (12023): Found entity 1: main File: C:/Users/Jackson.Hall/Desktop/QuartusLite/DE10_Board/Projects/Lab5/main.v Line: 4
Warning (12019): Can't analyze file -- file seg7_dec.v is missing
Warning (12019): Can't analyze file -- file mux_2_1_1bit.v is missing
Warning (12019): Can't analyze file -- file comparator.v is missing
Warning (12019): Can't analyze file -- file circuit_A.v is missing
Warning (12019): Can't analyze file -- file circuit_B.v is missing
Warning (12019): Can't analyze file -- file bin_to_dec.v is missing
Warning (12019): Can't analyze file -- file FA.v is missing
Warning (12019): Can't analyze file -- file adder_4bit.v is missing
Warning (12019): Can't analyze file -- file circuit_A_v2.v is missing
Warning (12019): Can't analyze file -- file bin_to_dec_v2.v is missing
Warning (12019): Can't analyze file -- file checkBCD.v is missing
Warning (12019): Can't analyze file -- file bin_to_dec_v3.v is missing
Warning (12019): Can't analyze file -- file BCD_Adder_1bit.v is missing
Warning (12019): Can't analyze file -- file BCD_Adder_2Dig.v is missing
Warning (12019): Can't analyze file -- file convert_6bit_to_BCD.v is missing
Warning (12019): Can't analyze file -- file bin6_to_bcd.v is missing
Warning (12019): Can't analyze file -- file bcd7seg.v is missing
Warning (12019): Can't analyze file -- file part1.v is missing
Warning (12019): Can't analyze file -- file part2.v is missing
Warning (12019): Can't analyze file -- file part3.v is missing
Warning (12019): Can't analyze file -- file D_Latch.v is missing
Warning (12019): Can't analyze file -- file Pos_Edge_Trigger.v is missing
Warning (12019): Can't analyze file -- file memory_element.v is missing
Warning (12019): Can't analyze file -- file TFF_Counter_8bit.v is missing
Warning (12019): Can't analyze file -- file DecaDecoder.v is missing
Warning (12019): Can't analyze file -- file ShifRegister_16bit.v is missing
Warning (12019): Can't analyze file -- file counter_1sec.v is missing
Warning (12019): Can't analyze file -- file displayPattern.v is missing
Warning (12019): Can't analyze file -- file count_updown.v is missing
Info (12021): Found 1 design units, including 1 entities, in source file accumulator_8bit.v
    Info (12023): Found entity 1: accumulator_8bit File: C:/Users/Jackson.Hall/Desktop/QuartusLite/DE10_Board/Projects/Lab5/accumulator_8bit.v Line: 1
Warning (12019): Can't analyze file -- file regn.v is missing
Info (12021): Found 1 design units, including 1 entities, in source file debounce.v
    Info (12023): Found entity 1: debounce File: C:/Users/Jackson.Hall/Desktop/QuartusLite/DE10_Board/Projects/Lab5/debounce.v Line: 6
Info (12021): Found 1 design units, including 1 entities, in source file bin8_to_bcd.v
    Info (12023): Found entity 1: bin8_to_bcd File: C:/Users/Jackson.Hall/Desktop/QuartusLite/DE10_Board/Projects/Lab5/bin8_to_bcd.v Line: 7
Info (12021): Found 1 design units, including 1 entities, in source file multiplier_4x4.v
    Info (12023): Found entity 1: multiplier_4x4 File: C:/Users/Jackson.Hall/Desktop/QuartusLite/DE10_Board/Projects/Lab5/multiplier_4x4.v Line: 4
Info (12021): Found 1 design units, including 1 entities, in source file fulladder.v
    Info (12023): Found entity 1: FullAdder File: C:/Users/Jackson.Hall/Desktop/QuartusLite/DE10_Board/Projects/Lab5/FullAdder.v Line: 4
Info (12021): Found 1 design units, including 1 entities, in source file multiplier_8x8.v
    Info (12023): Found entity 1: multiplier_8x8 File: C:/Users/Jackson.Hall/Desktop/QuartusLite/DE10_Board/Projects/Lab5/multiplier_8x8.v Line: 4
Info (12021): Found 1 design units, including 1 entities, in source file adder_nbit.v
    Info (12023): Found entity 1: adder_nbit File: C:/Users/Jackson.Hall/Desktop/QuartusLite/DE10_Board/Projects/Lab5/adder_nbit.v Line: 1
Info (12021): Found 1 design units, including 1 entities, in source file bin16_to_bcd.v
    Info (12023): Found entity 1: bin16_to_bcd File: C:/Users/Jackson.Hall/Desktop/QuartusLite/DE10_Board/Projects/Lab5/bin16_to_bcd.v Line: 7
Info (12021): Found 1 design units, including 1 entities, in source file output_files/alu_nbit.v
    Info (12023): Found entity 1: alu_nbit File: C:/Users/Jackson.Hall/Desktop/QuartusLite/DE10_Board/Projects/Lab5/output_files/alu_nbit.v Line: 1
Critical Warning (10846): Verilog HDL Instantiation warning at accumulator_8bit.v(12): instance has no name File: C:/Users/Jackson.Hall/Desktop/QuartusLite/DE10_Board/Projects/Lab5/accumulator_8bit.v Line: 12
Critical Warning (10846): Verilog HDL Instantiation warning at accumulator_8bit.v(17): instance has no name File: C:/Users/Jackson.Hall/Desktop/QuartusLite/DE10_Board/Projects/Lab5/accumulator_8bit.v Line: 17
Critical Warning (10846): Verilog HDL Instantiation warning at accumulator_8bit.v(19): instance has no name File: C:/Users/Jackson.Hall/Desktop/QuartusLite/DE10_Board/Projects/Lab5/accumulator_8bit.v Line: 19
Info (12127): Elaborating entity "main" for the top level hierarchy
Info (12128): Elaborating entity "debounce" for hierarchy "debounce:u_db" File: C:/Users/Jackson.Hall/Desktop/QuartusLite/DE10_Board/Projects/Lab5/main.v Line: 25
Warning (12125): Using design file reg_nbit.v, which is not specified as a design file for the current project, but contains definitions for 1 design units and 1 entities in project
    Info (12023): Found entity 1: reg_nbit File: C:/Users/Jackson.Hall/Desktop/QuartusLite/DE10_Board/Projects/Lab5/reg_nbit.v Line: 1
Info (12128): Elaborating entity "reg_nbit" for hierarchy "reg_nbit:REG_A" File: C:/Users/Jackson.Hall/Desktop/QuartusLite/DE10_Board/Projects/Lab5/main.v Line: 171
Info (12128): Elaborating entity "multiplier_8x8" for hierarchy "multiplier_8x8:MT_8by8" File: C:/Users/Jackson.Hall/Desktop/QuartusLite/DE10_Board/Projects/Lab5/main.v Line: 188
Info (12128): Elaborating entity "adder_nbit" for hierarchy "multiplier_8x8:MT_8by8|adder_nbit:add0" File: C:/Users/Jackson.Hall/Desktop/QuartusLite/DE10_Board/Projects/Lab5/multiplier_8x8.v Line: 29
Info (12128): Elaborating entity "reg_nbit" for hierarchy "reg_nbit:REG_P" File: C:/Users/Jackson.Hall/Desktop/QuartusLite/DE10_Board/Projects/Lab5/main.v Line: 200
Info (12128): Elaborating entity "bin16_to_bcd" for hierarchy "bin16_to_bcd:u_b2b" File: C:/Users/Jackson.Hall/Desktop/QuartusLite/DE10_Board/Projects/Lab5/main.v Line: 213
Warning (12125): Using design file seg7decoder.v, which is not specified as a design file for the current project, but contains definitions for 1 design units and 1 entities in project
    Info (12023): Found entity 1: seg7Decoder File: C:/Users/Jackson.Hall/Desktop/QuartusLite/DE10_Board/Projects/Lab5/seg7decoder.v Line: 1
Info (12128): Elaborating entity "seg7Decoder" for hierarchy "seg7Decoder:SEG_O" File: C:/Users/Jackson.Hall/Desktop/QuartusLite/DE10_Board/Projects/Lab5/main.v Line: 216
Warning (13024): Output pins are stuck at VCC or GND
    Warning (13410): Pin "LEDR[0]" is stuck at GND File: C:/Users/Jackson.Hall/Desktop/QuartusLite/DE10_Board/Projects/Lab5/main.v Line: 8
    Warning (13410): Pin "LEDR[1]" is stuck at GND File: C:/Users/Jackson.Hall/Desktop/QuartusLite/DE10_Board/Projects/Lab5/main.v Line: 8
    Warning (13410): Pin "LEDR[9]" is stuck at GND File: C:/Users/Jackson.Hall/Desktop/QuartusLite/DE10_Board/Projects/Lab5/main.v Line: 8
    Warning (13410): Pin "HEX0[7]" is stuck at VCC File: C:/Users/Jackson.Hall/Desktop/QuartusLite/DE10_Board/Projects/Lab5/main.v Line: 9
    Warning (13410): Pin "HEX1[7]" is stuck at VCC File: C:/Users/Jackson.Hall/Desktop/QuartusLite/DE10_Board/Projects/Lab5/main.v Line: 10
    Warning (13410): Pin "HEX2[7]" is stuck at VCC File: C:/Users/Jackson.Hall/Desktop/QuartusLite/DE10_Board/Projects/Lab5/main.v Line: 11
    Warning (13410): Pin "HEX3[7]" is stuck at VCC File: C:/Users/Jackson.Hall/Desktop/QuartusLite/DE10_Board/Projects/Lab5/main.v Line: 12
    Warning (13410): Pin "HEX4[7]" is stuck at VCC File: C:/Users/Jackson.Hall/Desktop/QuartusLite/DE10_Board/Projects/Lab5/main.v Line: 13
    Warning (13410): Pin "HEX5[0]" is stuck at VCC File: C:/Users/Jackson.Hall/Desktop/QuartusLite/DE10_Board/Projects/Lab5/main.v Line: 15
    Warning (13410): Pin "HEX5[1]" is stuck at VCC File: C:/Users/Jackson.Hall/Desktop/QuartusLite/DE10_Board/Projects/Lab5/main.v Line: 15
    Warning (13410): Pin "HEX5[2]" is stuck at VCC File: C:/Users/Jackson.Hall/Desktop/QuartusLite/DE10_Board/Projects/Lab5/main.v Line: 15
    Warning (13410): Pin "HEX5[3]" is stuck at VCC File: C:/Users/Jackson.Hall/Desktop/QuartusLite/DE10_Board/Projects/Lab5/main.v Line: 15
    Warning (13410): Pin "HEX5[4]" is stuck at VCC File: C:/Users/Jackson.Hall/Desktop/QuartusLite/DE10_Board/Projects/Lab5/main.v Line: 15
    Warning (13410): Pin "HEX5[5]" is stuck at VCC File: C:/Users/Jackson.Hall/Desktop/QuartusLite/DE10_Board/Projects/Lab5/main.v Line: 15
    Warning (13410): Pin "HEX5[6]" is stuck at VCC File: C:/Users/Jackson.Hall/Desktop/QuartusLite/DE10_Board/Projects/Lab5/main.v Line: 15
    Warning (13410): Pin "HEX5[7]" is stuck at VCC File: C:/Users/Jackson.Hall/Desktop/QuartusLite/DE10_Board/Projects/Lab5/main.v Line: 15
Info (286030): Timing-Driven Synthesis is running
Warning (20013): Ignored 24 assignments for entity "DE10_LITE_Golden_Top" -- entity does not exist in design
    Warning (20014): Assignment for entity set_instance_assignment -name PARTITION_HIERARCHY root_partition -to | -entity DE10_LITE_Golden_Top -section_id Top was ignored
    Warning (20014): Assignment for entity set_global_assignment -name PARTITION_NETLIST_TYPE SOURCE -entity DE10_LITE_Golden_Top -section_id Top was ignored
    Warning (20014): Assignment for entity set_global_assignment -name PARTITION_FITTER_PRESERVATION_LEVEL PLACEMENT_AND_ROUTING -entity DE10_LITE_Golden_Top -section_id Top was ignored
    Warning (20014): Assignment for entity set_global_assignment -name PARTITION_PRESERVE_HIGH_SPEED_TILES ON -entity DE10_LITE_Golden_Top -section_id Top was ignored
    Warning (20014): Assignment for entity set_global_assignment -name PARTITION_IGNORE_SOURCE_FILE_CHANGES OFF -entity DE10_LITE_Golden_Top -section_id Top was ignored
    Warning (20014): Assignment for entity set_global_assignment -name PARTITION_ALWAYS_USE_QXP_NETLIST OFF -entity DE10_LITE_Golden_Top -section_id Top was ignored
    Warning (20014): Assignment for entity set_global_assignment -name PARTITION_COLOR 16764057 -entity DE10_LITE_Golden_Top -section_id Top was ignored
    Warning (20014): Assignment for entity set_global_assignment -name PARTITION_IMPORT_ASSIGNMENTS ON -entity DE10_LITE_Golden_Top -section_id Top was ignored
    Warning (20014): Assignment for entity set_global_assignment -name PARTITION_IMPORT_EXISTING_ASSIGNMENTS REPLACE_CONFLICTING -entity DE10_LITE_Golden_Top -section_id Top was ignored
    Warning (20014): Assignment for entity set_global_assignment -name PARTITION_IMPORT_EXISTING_LOGICLOCK_REGIONS UPDATE_CONFLICTING -entity DE10_LITE_Golden_Top -section_id Top was ignored
    Warning (20014): Assignment for entity set_global_assignment -name PARTITION_IMPORT_PIN_ASSIGNMENTS ON -entity DE10_LITE_Golden_Top -section_id Top was ignored
    Warning (20014): Assignment for entity set_global_assignment -name PARTITION_IMPORT_PROMOTE_ASSIGNMENTS ON -entity DE10_LITE_Golden_Top -section_id Top was ignored
    Warning (20014): Assignment for entity set_global_assignment -name PARTITION_TYPE STANDARD_PARTITION -entity DE10_LITE_Golden_Top -section_id Top was ignored
    Warning (20014): Assignment for entity set_global_assignment -name ALLOW_MULTIPLE_PERSONAS OFF -entity DE10_LITE_Golden_Top -section_id Top was ignored
    Warning (20014): Assignment for entity set_global_assignment -name PARTITION_ASD_REGION_ID 1 -entity DE10_LITE_Golden_Top -section_id Top was ignored
    Warning (20014): Assignment for entity set_global_assignment -name CROSS_BOUNDARY_OPTIMIZATIONS OFF -entity DE10_LITE_Golden_Top -section_id Top was ignored
    Warning (20014): Assignment for entity set_global_assignment -name PROPAGATE_CONSTANTS_ON_INPUTS ON -entity DE10_LITE_Golden_Top -section_id Top was ignored
    Warning (20014): Assignment for entity set_global_assignment -name PROPAGATE_INVERSIONS_ON_INPUTS ON -entity DE10_LITE_Golden_Top -section_id Top was ignored
    Warning (20014): Assignment for entity set_global_assignment -name REMOVE_LOGIC_ON_UNCONNECTED_OUTPUTS ON -entity DE10_LITE_Golden_Top -section_id Top was ignored
    Warning (20014): Assignment for entity set_global_assignment -name MERGE_EQUIVALENT_INPUTS ON -entity DE10_LITE_Golden_Top -section_id Top was ignored
    Warning (20014): Assignment for entity set_global_assignment -name MERGE_EQUIVALENT_BIDIRS ON -entity DE10_LITE_Golden_Top -section_id Top was ignored
    Warning (20014): Assignment for entity set_global_assignment -name ABSORB_PATHS_FROM_OUTPUTS_TO_INPUTS ON -entity DE10_LITE_Golden_Top -section_id Top was ignored
    Warning (20014): Assignment for entity set_global_assignment -name PARTITION_EXTRACT_HARD_BLOCK_NODES ON -entity DE10_LITE_Golden_Top -section_id Top was ignored
    Warning (20014): Assignment for entity set_global_assignment -name PARTITION_ENABLE_STRICT_PRESERVATION OFF -entity DE10_LITE_Golden_Top -section_id Top was ignored
Info (16010): Generating hard_block partition "hard_block:auto_generated_inst"
    Info (16011): Adding 0 node(s), including 0 DDIO, 0 PLL, 0 transceiver and 0 LCELL
Warning (21074): Design contains 2 input pin(s) that do not drive logic
    Warning (15610): No output dependent on input pin "SW[8]" File: C:/Users/Jackson.Hall/Desktop/QuartusLite/DE10_Board/Projects/Lab5/main.v Line: 6
    Warning (15610): No output dependent on input pin "KEY[1]" File: C:/Users/Jackson.Hall/Desktop/QuartusLite/DE10_Board/Projects/Lab5/main.v Line: 7
Info (21057): Implemented 306 device resources after synthesis - the final resource count might be different
    Info (21058): Implemented 13 input pins
    Info (21059): Implemented 58 output pins
    Info (21061): Implemented 235 logic cells
Info: Quartus Prime Analysis & Synthesis was successful. 0 errors, 82 warnings
    Info: Peak virtual memory: 4842 megabytes
    Info: Processing ended: Tue Oct  7 11:35:36 2025
    Info: Elapsed time: 00:00:12
    Info: Total CPU time (on all processors): 00:00:26


